[35m[Appium][39m Welcome to Appium v1.22.3
[35m[Appium][39m Non-default server args:
[35m[Appium][39m   port: 65023
[35m[Appium][39m   loglevel: info
[35m[Appium][39m   tmpDir: C:\Users\ivanr\AppData\Local\Temp\\Katalon\Appium\Temp1696431655561
[35m[Appium][39m   chromedriverPort: 65024
[35m[Appium][39m Deprecated server args:
[35m[Appium][39m   [31m--chromedriver-port[39m => --default-capabilities
[35m[Appium][39m Default capabilities, which will be added to each request unless overridden by desired capabilities:
[35m[Appium][39m   chromedriverPort: 65024
[35m[Appium][39m Appium REST http interface listener started on 0.0.0.0:65023
[35m[HTTP][39m [37m-->[39m [37mGET[39m [37m/wd/hub/status[39m
[35m[HTTP][39m [90m{}[39m
[35m[HTTP][39m [37m<-- GET /wd/hub/status [39m[32m200[39m [90m20 ms - 68[39m
[35m[HTTP][39m [90m[39m
[35m[HTTP][39m [37m-->[39m [37mGET[39m [37m/wd/hub/status[39m
[35m[HTTP][39m [90m{}[39m
[35m[HTTP][39m [37m<-- GET /wd/hub/status [39m[32m200[39m [90m2 ms - 68[39m
[35m[HTTP][39m [90m[39m
[35m[HTTP][39m [37m-->[39m [37mPOST[39m [37m/wd/hub/session[39m
[35m[HTTP][39m [90m{"desiredCapabilities":{"appActivity":".Settings","appPackage":"com.android.settings","newCommandTimeout":1800,"platformVersion":"12","automationName":"uiautomator2","autoGrantPermissions":true,"platformName":"Android","udid":"f691aa5b","deviceName":"Xiaomi Redmi Note 9 Pro (Android 12)","platform":"ANDROID","systemPort":8276},"capabilities":{"firstMatch":[{"appium:appActivity":".Settings","appium:appPackage":"com.android.settings","appium:autoGrantPermissions":true,"appium:automationName":"uiautomator2","appium:deviceName":"Xiaomi Redmi Note 9 Pro (Android 12)","appium:newCommandTimeout":1800,"platform":"ANDROID","platformName":"android","appium:platformVersion":"12","appium:systemPort":8276,"appium:udid":"f691aa5b"}]}}[39m
[35m[BaseDriver][39m The following capabilities are not standard capabilities and should have an extension prefix:
[35m[BaseDriver][39m   platform
[35m[BaseDriver][39m   chromedriverPort
[35m[Appium][39m Appium v1.22.3 creating new AndroidUiautomator2Driver (v1.70.1) session
[35m[BaseDriver][39m The following capabilities were provided, but are not recognized by Appium:
[35m[BaseDriver][39m   platform
[35m[BaseDriver][39m Session created with session id: c28dfa59-f681-4f5e-85e3-36307ea3021d
[35m[UiAutomator2][39m Starting 'com.android.settings' directly on the device
[35m[ADB][39m Found 1 'build-tools' folders under 'C:\Users\ivanr\.katalon\tools\android_sdk' (newest first):
[35m[ADB][39m     C:/Users/ivanr/.katalon/tools/android_sdk/build-tools/29.0.3
[35m[ADB][39m Using 'adb.exe' from 'C:\Users\ivanr\.katalon\tools\android_sdk\platform-tools\adb.exe'
[35m[AndroidDriver][39m Retrieving device list
[35m[AndroidDriver][39m Using device: f691aa5b
[35m[ADB][39m Using 'adb.exe' from 'C:\Users\ivanr\.katalon\tools\android_sdk\platform-tools\adb.exe'
[35m[ADB][39m Getting device platform version
[35m[UiAutomator2][39m Relaxing hidden api policy
[35m[AndroidDriver][39m No app sent in, not parsing package/activity
[35m[ADB][39m Using 'apksigner.jar' from 'C:\Users\ivanr\.katalon\tools\android_sdk\build-tools\29.0.3\lib\apksigner.jar'
[35m[ADB][39m 'C:\Users\ivanr\AppData\Roaming\npm\node_modules\appium\node_modules\appium-uiautomator2-server\apks\appium-uiautomator2-server-v4.27.0.apk' is signed with the default certificate
[35m[ADB][39m 'C:\Users\ivanr\AppData\Roaming\npm\node_modules\appium\node_modules\appium-uiautomator2-server\apks\appium-uiautomator2-server-debug-androidTest.apk' is signed with the default certificate
[35m[UiAutomator2][39m Server packages are not going to be (re)installed
[35m[ADB][39m Adding packages ["io.appium.settings","io.appium.uiautomator2.server","io.appium.uiautomator2.server.test"] to Doze whitelist
[35m[UiAutomator2][39m Starting UIAutomator2 server 4.27.0
[35m[UiAutomator2][39m Using UIAutomator2 server from 'C:\Users\ivanr\AppData\Roaming\npm\node_modules\appium\node_modules\appium-uiautomator2-server\apks\appium-uiautomator2-server-v4.27.0.apk' and test from 'C:\Users\ivanr\AppData\Roaming\npm\node_modules\appium\node_modules\appium-uiautomator2-server\apks\appium-uiautomator2-server-debug-androidTest.apk'
[35m[UiAutomator2][39m Waiting up to 30000ms for UiAutomator2 to be online...
[35m[WD Proxy][39m socket hang up
[35m[WD Proxy][39m socket hang up
[35m[WD Proxy][39m socket hang up
[35m[WD Proxy][39m Determined the downstream protocol as 'W3C'
[35m[AndroidDriver][39m Screen already unlocked, doing nothing
[35m[UiAutomator2][39m Starting 'com.android.settings/.Settings and waiting for 'com.android.settings/.Settings'
[35m[Appium][39m New AndroidUiautomator2Driver session created successfully, session c28dfa59-f681-4f5e-85e3-36307ea3021d added to master session list
[35m[HTTP][39m [37m<-- POST /wd/hub/session [39m[32m200[39m [90m11348 ms - 1161[39m
[35m[HTTP][39m [90m[39m
[35m[HTTP][39m [37m-->[39m [37mGET[39m [37m/wd/hub/session/c28dfa59-f681-4f5e-85e3-36307ea3021d[39m
[35m[HTTP][39m [90m{}[39m
[35m[HTTP][39m [37m<-- GET /wd/hub/session/c28dfa59-f681-4f5e-85e3-36307ea3021d [39m[32m200[39m [90m20 ms - 1115[39m
[35m[HTTP][39m [90m[39m
[35m[HTTP][39m [37m-->[39m [37mGET[39m [37m/wd/hub/session/c28dfa59-f681-4f5e-85e3-36307ea3021d[39m
[35m[HTTP][39m [90m{}[39m
[35m[HTTP][39m [37m<-- GET /wd/hub/session/c28dfa59-f681-4f5e-85e3-36307ea3021d [39m[32m200[39m [90m12 ms - 1115[39m
[35m[HTTP][39m [90m[39m
[35m[HTTP][39m [37m-->[39m [37mGET[39m [37m/wd/hub/status[39m
[35m[HTTP][39m [90m{}[39m
[35m[HTTP][39m [37m<-- GET /wd/hub/status [39m[32m200[39m [90m2 ms - 68[39m
[35m[HTTP][39m [90m[39m
[35m[HTTP][39m [37m-->[39m [37mPOST[39m [37m/wd/hub/session/c28dfa59-f681-4f5e-85e3-36307ea3021d/timeouts[39m
[35m[HTTP][39m [90m{"implicit":60000}[39m
[35m[HTTP][39m [37m<-- POST /wd/hub/session/c28dfa59-f681-4f5e-85e3-36307ea3021d/timeouts [39m[32m200[39m [90m5 ms - 14[39m
[35m[HTTP][39m [90m[39m
[35m[HTTP][39m [37m-->[39m [37mGET[39m [37m/wd/hub/session/c28dfa59-f681-4f5e-85e3-36307ea3021d/screenshot[39m
[35m[HTTP][39m [90m{}[39m
[35m[HTTP][39m [37m<-- GET /wd/hub/session/c28dfa59-f681-4f5e-85e3-36307ea3021d/screenshot [39m[32m200[39m [90m493 ms - 203124[39m
[35m[HTTP][39m [90m[39m
[35m[HTTP][39m [37m-->[39m [37mGET[39m [37m/wd/hub/session/c28dfa59-f681-4f5e-85e3-36307ea3021d/window/rect[39m
[35m[HTTP][39m [90m{}[39m
[35m[HTTP][39m [37m<-- GET /wd/hub/session/c28dfa59-f681-4f5e-85e3-36307ea3021d/window/rect [39m[32m200[39m [90m28 ms - 50[39m
[35m[HTTP][39m [90m[39m
[35m[HTTP][39m [37m-->[39m [37mGET[39m [37m/wd/hub/session/c28dfa59-f681-4f5e-85e3-36307ea3021d/appium/device/system_bars[39m
[35m[HTTP][39m [90m{}[39m
[35m[HTTP][39m [37m<-- GET /wd/hub/session/c28dfa59-f681-4f5e-85e3-36307ea3021d/appium/device/system_bars [39m[32m200[39m [90m141 ms - 145[39m
[35m[HTTP][39m [90m[39m
[35m[HTTP][39m [37m-->[39m [37mPOST[39m [37m/wd/hub/session/c28dfa59-f681-4f5e-85e3-36307ea3021d/appium/device/activate_app[39m
[35m[HTTP][39m [90m{"bundleId":"com.temandiabetes.android"}[39m
[35m[HTTP][39m [37m<-- POST /wd/hub/session/c28dfa59-f681-4f5e-85e3-36307ea3021d/appium/device/activate_app [39m[32m200[39m [90m1031 ms - 14[39m
[35m[HTTP][39m [90m[39m
[35m[HTTP][39m [37m-->[39m [37mGET[39m [37m/wd/hub/session/c28dfa59-f681-4f5e-85e3-36307ea3021d/source[39m
[35m[HTTP][39m [90m{}[39m
[35m[W3C (c28dfa59)][39m Driver proxy active, passing request on via HTTP proxy
[35m[WD Proxy][39m Replacing sessionId 165e6ccd-8c3d-46ea-bfae-18a50cc18c31 with c28dfa59-f681-4f5e-85e3-36307ea3021d
[35m[HTTP][39m [37m<-- GET /wd/hub/session/c28dfa59-f681-4f5e-85e3-36307ea3021d/source [39m[32m200[39m [90m1214 ms - 7777[39m
[35m[HTTP][39m [90m[39m
[35m[HTTP][39m [37m-->[39m [37mGET[39m [37m/wd/hub/session/c28dfa59-f681-4f5e-85e3-36307ea3021d/screenshot[39m
[35m[HTTP][39m [90m{}[39m
[35m[HTTP][39m [37m<-- GET /wd/hub/session/c28dfa59-f681-4f5e-85e3-36307ea3021d/screenshot [39m[32m200[39m [90m457 ms - 262294[39m
[35m[HTTP][39m [90m[39m
[35m[HTTP][39m [37m-->[39m [37mGET[39m [37m/wd/hub/session/c28dfa59-f681-4f5e-85e3-36307ea3021d/source[39m
[35m[HTTP][39m [90m{}[39m
[35m[W3C (c28dfa59)][39m Driver proxy active, passing request on via HTTP proxy
[35m[WD Proxy][39m Replacing sessionId 165e6ccd-8c3d-46ea-bfae-18a50cc18c31 with c28dfa59-f681-4f5e-85e3-36307ea3021d
[35m[HTTP][39m [37m<-- GET /wd/hub/session/c28dfa59-f681-4f5e-85e3-36307ea3021d/source [39m[32m200[39m [90m557 ms - 38682[39m
[35m[HTTP][39m [90m[39m
[35m[HTTP][39m [37m-->[39m [37mGET[39m [37m/wd/hub/session/c28dfa59-f681-4f5e-85e3-36307ea3021d/screenshot[39m
[35m[HTTP][39m [90m{}[39m
[35m[HTTP][39m [37m<-- GET /wd/hub/session/c28dfa59-f681-4f5e-85e3-36307ea3021d/screenshot [39m[32m200[39m [90m1139 ms - 1724556[39m
[35m[HTTP][39m [90m[39m
[35m[HTTP][39m [37m-->[39m [37mPOST[39m [37m/wd/hub/session/c28dfa59-f681-4f5e-85e3-36307ea3021d/elements[39m
[35m[HTTP][39m [90m{"using":"xpath","value":"//*[@class = 'android.widget.TextView' and (@text = 'Rekaman' or . = 'Rekaman')]"}[39m
[35m[HTTP][39m [37m<-- POST /wd/hub/session/c28dfa59-f681-4f5e-85e3-36307ea3021d/elements [39m[32m200[39m [90m1286 ms - 139[39m
[35m[HTTP][39m [90m[39m
[35m[HTTP][39m [37m-->[39m [37mGET[39m [37m/wd/hub/session/c28dfa59-f681-4f5e-85e3-36307ea3021d/window/rect[39m
[35m[HTTP][39m [90m{}[39m
[35m[HTTP][39m [37m<-- GET /wd/hub/session/c28dfa59-f681-4f5e-85e3-36307ea3021d/window/rect [39m[32m200[39m [90m26 ms - 50[39m
[35m[HTTP][39m [90m[39m
[35m[HTTP][39m [37m-->[39m [37mPOST[39m [37m/wd/hub/session/c28dfa59-f681-4f5e-85e3-36307ea3021d/elements[39m
[35m[HTTP][39m [90m{"using":"xpath","value":"//*[@class = 'android.widget.TextView' and (@text = 'Rekaman' or . = 'Rekaman')]"}[39m
[35m[HTTP][39m [37m<-- POST /wd/hub/session/c28dfa59-f681-4f5e-85e3-36307ea3021d/elements [39m[32m200[39m [90m584 ms - 139[39m
[35m[HTTP][39m [90m[39m
[35m[HTTP][39m [37m-->[39m [37mGET[39m [37m/wd/hub/session/c28dfa59-f681-4f5e-85e3-36307ea3021d/element/00000000-0000-008b-ffff-ffff00000057/location[39m
[35m[HTTP][39m [90m{}[39m
[35m[W3C (c28dfa59)][39m Driver proxy active, passing request on via HTTP proxy
[35m[WD Proxy][39m Replacing sessionId 165e6ccd-8c3d-46ea-bfae-18a50cc18c31 with c28dfa59-f681-4f5e-85e3-36307ea3021d
[35m[HTTP][39m [37m<-- GET /wd/hub/session/c28dfa59-f681-4f5e-85e3-36307ea3021d/element/00000000-0000-008b-ffff-ffff00000057/location [39m[32m200[39m [90m63 ms - 79[39m
[35m[HTTP][39m [90m[39m
[35m[HTTP][39m [37m-->[39m [37mPOST[39m [37m/wd/hub/session/c28dfa59-f681-4f5e-85e3-36307ea3021d/elements[39m
[35m[HTTP][39m [90m{"using":"xpath","value":"//*[@class = 'android.widget.TextView' and (@text = 'Rekaman' or . = 'Rekaman')]"}[39m
[35m[HTTP][39m [37m<-- POST /wd/hub/session/c28dfa59-f681-4f5e-85e3-36307ea3021d/elements [39m[32m200[39m [90m654 ms - 139[39m
[35m[HTTP][39m [90m[39m
[35m[HTTP][39m [37m-->[39m [37mGET[39m [37m/wd/hub/session/c28dfa59-f681-4f5e-85e3-36307ea3021d/element/00000000-0000-008b-ffff-ffff00000057/location[39m
[35m[HTTP][39m [90m{}[39m
[35m[W3C (c28dfa59)][39m Driver proxy active, passing request on via HTTP proxy
[35m[WD Proxy][39m Replacing sessionId 165e6ccd-8c3d-46ea-bfae-18a50cc18c31 with c28dfa59-f681-4f5e-85e3-36307ea3021d
[35m[HTTP][39m [37m<-- GET /wd/hub/session/c28dfa59-f681-4f5e-85e3-36307ea3021d/element/00000000-0000-008b-ffff-ffff00000057/location [39m[32m200[39m [90m52 ms - 79[39m
[35m[HTTP][39m [90m[39m
[35m[HTTP][39m [37m-->[39m [37mPOST[39m [37m/wd/hub/session/c28dfa59-f681-4f5e-85e3-36307ea3021d/elements[39m
[35m[HTTP][39m [90m{"using":"xpath","value":"//*[@class = 'android.widget.TextView' and (@text = 'Rekaman' or . = 'Rekaman')]"}[39m
[35m[HTTP][39m [37m<-- POST /wd/hub/session/c28dfa59-f681-4f5e-85e3-36307ea3021d/elements [39m[32m200[39m [90m558 ms - 139[39m
[35m[HTTP][39m [90m[39m
[35m[HTTP][39m [37m-->[39m [37mGET[39m [37m/wd/hub/session/c28dfa59-f681-4f5e-85e3-36307ea3021d/element/00000000-0000-008b-ffff-ffff00000057/location[39m
[35m[HTTP][39m [90m{}[39m
[35m[W3C (c28dfa59)][39m Driver proxy active, passing request on via HTTP proxy
[35m[WD Proxy][39m Replacing sessionId 165e6ccd-8c3d-46ea-bfae-18a50cc18c31 with c28dfa59-f681-4f5e-85e3-36307ea3021d
[35m[HTTP][39m [37m<-- GET /wd/hub/session/c28dfa59-f681-4f5e-85e3-36307ea3021d/element/00000000-0000-008b-ffff-ffff00000057/location [39m[32m200[39m [90m40 ms - 79[39m
[35m[HTTP][39m [90m[39m
[35m[HTTP][39m [37m-->[39m [37mPOST[39m [37m/wd/hub/session/c28dfa59-f681-4f5e-85e3-36307ea3021d/elements[39m
[35m[HTTP][39m [90m{"using":"xpath","value":"//*[@class = 'android.widget.TextView' and (@text = 'Rekaman' or . = 'Rekaman')]"}[39m
[35m[HTTP][39m [37m<-- POST /wd/hub/session/c28dfa59-f681-4f5e-85e3-36307ea3021d/elements [39m[32m200[39m [90m673 ms - 139[39m
[35m[HTTP][39m [90m[39m
[35m[HTTP][39m [37m-->[39m [37mGET[39m [37m/wd/hub/session/c28dfa59-f681-4f5e-85e3-36307ea3021d/element/00000000-0000-008b-ffff-ffff00000057/location[39m
[35m[HTTP][39m [90m{}[39m
[35m[W3C (c28dfa59)][39m Driver proxy active, passing request on via HTTP proxy
[35m[WD Proxy][39m Replacing sessionId 165e6ccd-8c3d-46ea-bfae-18a50cc18c31 with c28dfa59-f681-4f5e-85e3-36307ea3021d
[35m[HTTP][39m [37m<-- GET /wd/hub/session/c28dfa59-f681-4f5e-85e3-36307ea3021d/element/00000000-0000-008b-ffff-ffff00000057/location [39m[32m200[39m [90m192 ms - 79[39m
[35m[HTTP][39m [90m[39m
[35m[HTTP][39m [37m-->[39m [37mPOST[39m [37m/wd/hub/session/c28dfa59-f681-4f5e-85e3-36307ea3021d/elements[39m
[35m[HTTP][39m [90m{"using":"xpath","value":"//*[@class = 'android.widget.TextView' and (@text = 'Rekaman' or . = 'Rekaman')]"}[39m
[35m[HTTP][39m [37m<-- POST /wd/hub/session/c28dfa59-f681-4f5e-85e3-36307ea3021d/elements [39m[32m200[39m [90m638 ms - 139[39m
[35m[HTTP][39m [90m[39m
[35m[HTTP][39m [37m-->[39m [37mGET[39m [37m/wd/hub/session/c28dfa59-f681-4f5e-85e3-36307ea3021d/element/00000000-0000-008b-ffff-ffff00000057/location[39m
[35m[HTTP][39m [90m{}[39m
[35m[W3C (c28dfa59)][39m Driver proxy active, passing request on via HTTP proxy
[35m[WD Proxy][39m Replacing sessionId 165e6ccd-8c3d-46ea-bfae-18a50cc18c31 with c28dfa59-f681-4f5e-85e3-36307ea3021d
[35m[HTTP][39m [37m<-- GET /wd/hub/session/c28dfa59-f681-4f5e-85e3-36307ea3021d/element/00000000-0000-008b-ffff-ffff00000057/location [39m[32m200[39m [90m50 ms - 79[39m
[35m[HTTP][39m [90m[39m
[35m[HTTP][39m [37m-->[39m [37mPOST[39m [37m/wd/hub/session/c28dfa59-f681-4f5e-85e3-36307ea3021d/elements[39m
[35m[HTTP][39m [90m{"using":"xpath","value":"//*[@class = 'android.widget.TextView' and (@text = 'Rekaman' or . = 'Rekaman')]"}[39m
[35m[HTTP][39m [37m<-- POST /wd/hub/session/c28dfa59-f681-4f5e-85e3-36307ea3021d/elements [39m[32m200[39m [90m555 ms - 139[39m
[35m[HTTP][39m [90m[39m
[35m[HTTP][39m [37m-->[39m [37mGET[39m [37m/wd/hub/session/c28dfa59-f681-4f5e-85e3-36307ea3021d/element/00000000-0000-008b-ffff-ffff00000057/location[39m
[35m[HTTP][39m [90m{}[39m
[35m[W3C (c28dfa59)][39m Driver proxy active, passing request on via HTTP proxy
[35m[WD Proxy][39m Replacing sessionId 165e6ccd-8c3d-46ea-bfae-18a50cc18c31 with c28dfa59-f681-4f5e-85e3-36307ea3021d
[35m[HTTP][39m [37m<-- GET /wd/hub/session/c28dfa59-f681-4f5e-85e3-36307ea3021d/element/00000000-0000-008b-ffff-ffff00000057/location [39m[32m200[39m [90m55 ms - 79[39m
[35m[HTTP][39m [90m[39m
[35m[HTTP][39m [37m-->[39m [37mPOST[39m [37m/wd/hub/session/c28dfa59-f681-4f5e-85e3-36307ea3021d/elements[39m
[35m[HTTP][39m [90m{"using":"xpath","value":"//*[@class = 'android.widget.TextView' and (@text = 'Rekaman' or . = 'Rekaman')]"}[39m
[35m[HTTP][39m [37m<-- POST /wd/hub/session/c28dfa59-f681-4f5e-85e3-36307ea3021d/elements [39m[32m200[39m [90m586 ms - 139[39m
[35m[HTTP][39m [90m[39m
[35m[HTTP][39m [37m-->[39m [37mGET[39m [37m/wd/hub/session/c28dfa59-f681-4f5e-85e3-36307ea3021d/element/00000000-0000-008b-ffff-ffff00000057/location[39m
[35m[HTTP][39m [90m{}[39m
[35m[W3C (c28dfa59)][39m Driver proxy active, passing request on via HTTP proxy
[35m[WD Proxy][39m Replacing sessionId 165e6ccd-8c3d-46ea-bfae-18a50cc18c31 with c28dfa59-f681-4f5e-85e3-36307ea3021d
[35m[HTTP][39m [37m<-- GET /wd/hub/session/c28dfa59-f681-4f5e-85e3-36307ea3021d/element/00000000-0000-008b-ffff-ffff00000057/location [39m[32m200[39m [90m45 ms - 79[39m
[35m[HTTP][39m [90m[39m
[35m[HTTP][39m [37m-->[39m [37mPOST[39m [37m/wd/hub/session/c28dfa59-f681-4f5e-85e3-36307ea3021d/elements[39m
[35m[HTTP][39m [90m{"using":"xpath","value":"//*[@class = 'android.widget.TextView' and (@text = 'Rekaman' or . = 'Rekaman')]"}[39m
[35m[HTTP][39m [37m<-- POST /wd/hub/session/c28dfa59-f681-4f5e-85e3-36307ea3021d/elements [39m[32m200[39m [90m600 ms - 139[39m
[35m[HTTP][39m [90m[39m
[35m[HTTP][39m [37m-->[39m [37mGET[39m [37m/wd/hub/session/c28dfa59-f681-4f5e-85e3-36307ea3021d/element/00000000-0000-008b-ffff-ffff00000057/location[39m
[35m[HTTP][39m [90m{}[39m
[35m[W3C (c28dfa59)][39m Driver proxy active, passing request on via HTTP proxy
[35m[WD Proxy][39m Replacing sessionId 165e6ccd-8c3d-46ea-bfae-18a50cc18c31 with c28dfa59-f681-4f5e-85e3-36307ea3021d
[35m[HTTP][39m [37m<-- GET /wd/hub/session/c28dfa59-f681-4f5e-85e3-36307ea3021d/element/00000000-0000-008b-ffff-ffff00000057/location [39m[32m200[39m [90m53 ms - 79[39m
[35m[HTTP][39m [90m[39m
[35m[HTTP][39m [37m-->[39m [37mPOST[39m [37m/wd/hub/session/c28dfa59-f681-4f5e-85e3-36307ea3021d/elements[39m
[35m[HTTP][39m [90m{"using":"xpath","value":"//*[@class = 'android.widget.TextView' and (@text = 'Rekaman' or . = 'Rekaman')]"}[39m
[35m[HTTP][39m [37m<-- POST /wd/hub/session/c28dfa59-f681-4f5e-85e3-36307ea3021d/elements [39m[32m200[39m [90m531 ms - 139[39m
[35m[HTTP][39m [90m[39m
[35m[HTTP][39m [37m-->[39m [37mGET[39m [37m/wd/hub/session/c28dfa59-f681-4f5e-85e3-36307ea3021d/element/00000000-0000-008b-ffff-ffff00000057/location[39m
[35m[HTTP][39m [90m{}[39m
[35m[W3C (c28dfa59)][39m Driver proxy active, passing request on via HTTP proxy
[35m[WD Proxy][39m Replacing sessionId 165e6ccd-8c3d-46ea-bfae-18a50cc18c31 with c28dfa59-f681-4f5e-85e3-36307ea3021d
[35m[HTTP][39m [37m<-- GET /wd/hub/session/c28dfa59-f681-4f5e-85e3-36307ea3021d/element/00000000-0000-008b-ffff-ffff00000057/location [39m[32m200[39m [90m44 ms - 79[39m
[35m[HTTP][39m [90m[39m
[35m[HTTP][39m [37m-->[39m [37mPOST[39m [37m/wd/hub/session/c28dfa59-f681-4f5e-85e3-36307ea3021d/elements[39m
[35m[HTTP][39m [90m{"using":"xpath","value":"//*[@class = 'android.widget.TextView' and (@text = 'Rekaman' or . = 'Rekaman')]"}[39m
[35m[HTTP][39m [37m<-- POST /wd/hub/session/c28dfa59-f681-4f5e-85e3-36307ea3021d/elements [39m[32m200[39m [90m567 ms - 139[39m
[35m[HTTP][39m [90m[39m
[35m[HTTP][39m [37m-->[39m [37mGET[39m [37m/wd/hub/session/c28dfa59-f681-4f5e-85e3-36307ea3021d/element/00000000-0000-008b-ffff-ffff00000057/location[39m
[35m[HTTP][39m [90m{}[39m
[35m[W3C (c28dfa59)][39m Driver proxy active, passing request on via HTTP proxy
[35m[WD Proxy][39m Replacing sessionId 165e6ccd-8c3d-46ea-bfae-18a50cc18c31 with c28dfa59-f681-4f5e-85e3-36307ea3021d
[35m[HTTP][39m [37m<-- GET /wd/hub/session/c28dfa59-f681-4f5e-85e3-36307ea3021d/element/00000000-0000-008b-ffff-ffff00000057/location [39m[32m200[39m [90m41 ms - 79[39m
[35m[HTTP][39m [90m[39m
[35m[HTTP][39m [37m-->[39m [37mPOST[39m [37m/wd/hub/session/c28dfa59-f681-4f5e-85e3-36307ea3021d/elements[39m
[35m[HTTP][39m [90m{"using":"xpath","value":"//*[@class = 'android.widget.TextView' and (@text = 'Rekaman' or . = 'Rekaman')]"}[39m
[35m[HTTP][39m [37m<-- POST /wd/hub/session/c28dfa59-f681-4f5e-85e3-36307ea3021d/elements [39m[32m200[39m [90m509 ms - 139[39m
[35m[HTTP][39m [90m[39m
[35m[HTTP][39m [37m-->[39m [37mGET[39m [37m/wd/hub/session/c28dfa59-f681-4f5e-85e3-36307ea3021d/element/00000000-0000-008b-ffff-ffff00000057/location[39m
[35m[HTTP][39m [90m{}[39m
[35m[W3C (c28dfa59)][39m Driver proxy active, passing request on via HTTP proxy
[35m[WD Proxy][39m Replacing sessionId 165e6ccd-8c3d-46ea-bfae-18a50cc18c31 with c28dfa59-f681-4f5e-85e3-36307ea3021d
[35m[HTTP][39m [37m<-- GET /wd/hub/session/c28dfa59-f681-4f5e-85e3-36307ea3021d/element/00000000-0000-008b-ffff-ffff00000057/location [39m[32m200[39m [90m28 ms - 79[39m
[35m[HTTP][39m [90m[39m
[35m[HTTP][39m [37m-->[39m [37mPOST[39m [37m/wd/hub/session/c28dfa59-f681-4f5e-85e3-36307ea3021d/elements[39m
[35m[HTTP][39m [90m{"using":"xpath","value":"//*[@class = 'android.widget.TextView' and (@text = 'Rekaman' or . = 'Rekaman')]"}[39m
[35m[HTTP][39m [37m<-- POST /wd/hub/session/c28dfa59-f681-4f5e-85e3-36307ea3021d/elements [39m[32m200[39m [90m461 ms - 139[39m
[35m[HTTP][39m [90m[39m
[35m[HTTP][39m [37m-->[39m [37mGET[39m [37m/wd/hub/session/c28dfa59-f681-4f5e-85e3-36307ea3021d/element/00000000-0000-008b-ffff-ffff00000057/location[39m
[35m[HTTP][39m [90m{}[39m
[35m[W3C (c28dfa59)][39m Driver proxy active, passing request on via HTTP proxy
[35m[WD Proxy][39m Replacing sessionId 165e6ccd-8c3d-46ea-bfae-18a50cc18c31 with c28dfa59-f681-4f5e-85e3-36307ea3021d
[35m[HTTP][39m [37m<-- GET /wd/hub/session/c28dfa59-f681-4f5e-85e3-36307ea3021d/element/00000000-0000-008b-ffff-ffff00000057/location [39m[32m200[39m [90m33 ms - 79[39m
[35m[HTTP][39m [90m[39m
[35m[HTTP][39m [37m-->[39m [37mPOST[39m [37m/wd/hub/session/c28dfa59-f681-4f5e-85e3-36307ea3021d/elements[39m
[35m[HTTP][39m [90m{"using":"xpath","value":"//*[@class = 'android.widget.TextView' and (@text = 'Rekaman' or . = 'Rekaman')]"}[39m
[35m[HTTP][39m [37m<-- POST /wd/hub/session/c28dfa59-f681-4f5e-85e3-36307ea3021d/elements [39m[32m200[39m [90m509 ms - 139[39m
[35m[HTTP][39m [90m[39m
[35m[HTTP][39m [37m-->[39m [37mGET[39m [37m/wd/hub/session/c28dfa59-f681-4f5e-85e3-36307ea3021d/element/00000000-0000-008b-ffff-ffff00000057/location[39m
[35m[HTTP][39m [90m{}[39m
[35m[W3C (c28dfa59)][39m Driver proxy active, passing request on via HTTP proxy
[35m[WD Proxy][39m Replacing sessionId 165e6ccd-8c3d-46ea-bfae-18a50cc18c31 with c28dfa59-f681-4f5e-85e3-36307ea3021d
[35m[HTTP][39m [37m<-- GET /wd/hub/session/c28dfa59-f681-4f5e-85e3-36307ea3021d/element/00000000-0000-008b-ffff-ffff00000057/location [39m[32m200[39m [90m41 ms - 79[39m
[35m[HTTP][39m [90m[39m
[35m[HTTP][39m [37m-->[39m [37mPOST[39m [37m/wd/hub/session/c28dfa59-f681-4f5e-85e3-36307ea3021d/elements[39m
[35m[HTTP][39m [90m{"using":"xpath","value":"//*[@class = 'android.widget.TextView' and (@text = 'Rekaman' or . = 'Rekaman')]"}[39m
[35m[HTTP][39m [37m<-- POST /wd/hub/session/c28dfa59-f681-4f5e-85e3-36307ea3021d/elements [39m[32m200[39m [90m1186 ms - 139[39m
[35m[HTTP][39m [90m[39m
[35m[HTTP][39m [37m-->[39m [37mGET[39m [37m/wd/hub/session/c28dfa59-f681-4f5e-85e3-36307ea3021d/element/00000000-0000-008b-ffff-ffff00000057/location[39m
[35m[HTTP][39m [90m{}[39m
[35m[W3C (c28dfa59)][39m Driver proxy active, passing request on via HTTP proxy
[35m[WD Proxy][39m Replacing sessionId 165e6ccd-8c3d-46ea-bfae-18a50cc18c31 with c28dfa59-f681-4f5e-85e3-36307ea3021d
[35m[HTTP][39m [37m<-- GET /wd/hub/session/c28dfa59-f681-4f5e-85e3-36307ea3021d/element/00000000-0000-008b-ffff-ffff00000057/location [39m[32m200[39m [90m33 ms - 79[39m
[35m[HTTP][39m [90m[39m
[35m[HTTP][39m [37m-->[39m [37mPOST[39m [37m/wd/hub/session/c28dfa59-f681-4f5e-85e3-36307ea3021d/elements[39m
[35m[HTTP][39m [90m{"using":"xpath","value":"//*[@class = 'android.widget.TextView' and (@text = 'Rekaman' or . = 'Rekaman')]"}[39m
[35m[HTTP][39m [37m<-- POST /wd/hub/session/c28dfa59-f681-4f5e-85e3-36307ea3021d/elements [39m[32m200[39m [90m462 ms - 139[39m
[35m[HTTP][39m [90m[39m
[35m[HTTP][39m [37m-->[39m [37mGET[39m [37m/wd/hub/session/c28dfa59-f681-4f5e-85e3-36307ea3021d/element/00000000-0000-008b-ffff-ffff00000057/location[39m
[35m[HTTP][39m [90m{}[39m
[35m[W3C (c28dfa59)][39m Driver proxy active, passing request on via HTTP proxy
[35m[WD Proxy][39m Replacing sessionId 165e6ccd-8c3d-46ea-bfae-18a50cc18c31 with c28dfa59-f681-4f5e-85e3-36307ea3021d
[35m[HTTP][39m [37m<-- GET /wd/hub/session/c28dfa59-f681-4f5e-85e3-36307ea3021d/element/00000000-0000-008b-ffff-ffff00000057/location [39m[32m200[39m [90m48 ms - 79[39m
[35m[HTTP][39m [90m[39m
[35m[HTTP][39m [37m-->[39m [37mPOST[39m [37m/wd/hub/session/c28dfa59-f681-4f5e-85e3-36307ea3021d/element/00000000-0000-008b-ffff-ffff00000057/click[39m
[35m[HTTP][39m [90m{"id":"00000000-0000-008b-ffff-ffff00000057"}[39m
[35m[HTTP][39m [37m<-- POST /wd/hub/session/c28dfa59-f681-4f5e-85e3-36307ea3021d/element/00000000-0000-008b-ffff-ffff00000057/click [39m[32m200[39m [90m138 ms - 14[39m
[35m[HTTP][39m [90m[39m
[35m[HTTP][39m [37m-->[39m [37mGET[39m [37m/wd/hub/session/c28dfa59-f681-4f5e-85e3-36307ea3021d/source[39m
[35m[HTTP][39m [90m{}[39m
[35m[W3C (c28dfa59)][39m Driver proxy active, passing request on via HTTP proxy
[35m[WD Proxy][39m Replacing sessionId 165e6ccd-8c3d-46ea-bfae-18a50cc18c31 with c28dfa59-f681-4f5e-85e3-36307ea3021d
[35m[HTTP][39m [37m<-- GET /wd/hub/session/c28dfa59-f681-4f5e-85e3-36307ea3021d/source [39m[32m200[39m [90m1362 ms - 27761[39m
[35m[HTTP][39m [90m[39m
[35m[HTTP][39m [37m-->[39m [37mGET[39m [37m/wd/hub/session/c28dfa59-f681-4f5e-85e3-36307ea3021d/screenshot[39m
[35m[HTTP][39m [90m{}[39m
[35m[HTTP][39m [37m<-- GET /wd/hub/session/c28dfa59-f681-4f5e-85e3-36307ea3021d/screenshot [39m[32m200[39m [90m490 ms - 195296[39m
[35m[HTTP][39m [90m[39m
[35m[HTTP][39m [37m-->[39m [37mGET[39m [37m/wd/hub/session/c28dfa59-f681-4f5e-85e3-36307ea3021d/source[39m
[35m[HTTP][39m [90m{}[39m
[35m[W3C (c28dfa59)][39m Driver proxy active, passing request on via HTTP proxy
[35m[WD Proxy][39m Replacing sessionId 165e6ccd-8c3d-46ea-bfae-18a50cc18c31 with c28dfa59-f681-4f5e-85e3-36307ea3021d
[35m[HTTP][39m [37m<-- GET /wd/hub/session/c28dfa59-f681-4f5e-85e3-36307ea3021d/source [39m[32m200[39m [90m698 ms - 29242[39m
[35m[HTTP][39m [90m[39m
[35m[HTTP][39m [37m-->[39m [37mGET[39m [37m/wd/hub/session/c28dfa59-f681-4f5e-85e3-36307ea3021d/screenshot[39m
[35m[HTTP][39m [90m{}[39m
[35m[HTTP][39m [37m<-- GET /wd/hub/session/c28dfa59-f681-4f5e-85e3-36307ea3021d/screenshot [39m[32m200[39m [90m533 ms - 208424[39m
[35m[HTTP][39m [90m[39m
[35m[HTTP][39m [37m-->[39m [37mPOST[39m [37m/wd/hub/session/c28dfa59-f681-4f5e-85e3-36307ea3021d/elements[39m
[35m[HTTP][39m [90m{"using":"xpath","value":"//*[@class = 'android.widget.ImageView' and (@text = '' or . = '')]"}[39m
[35m[HTTP][39m [37m<-- POST /wd/hub/session/c28dfa59-f681-4f5e-85e3-36307ea3021d/elements [39m[32m200[39m [90m534 ms - 1419[39m
[35m[HTTP][39m [90m[39m
[35m[HTTP][39m [37m-->[39m [37mPOST[39m [37m/wd/hub/session/c28dfa59-f681-4f5e-85e3-36307ea3021d/elements[39m
[35m[HTTP][39m [90m{"using":"-android uiautomator","value":"new UiSelector().className(\"android.widget.ImageView\")"}[39m
[35m[HTTP][39m [37m<-- POST /wd/hub/session/c28dfa59-f681-4f5e-85e3-36307ea3021d/elements [39m[32m200[39m [90m1249 ms - 1419[39m
[35m[HTTP][39m [90m[39m
[35m[HTTP][39m [37m-->[39m [37mGET[39m [37m/wd/hub/session/c28dfa59-f681-4f5e-85e3-36307ea3021d/window/rect[39m
[35m[HTTP][39m [90m{}[39m
[35m[HTTP][39m [37m<-- GET /wd/hub/session/c28dfa59-f681-4f5e-85e3-36307ea3021d/window/rect [39m[32m200[39m [90m28 ms - 50[39m
[35m[HTTP][39m [90m[39m
[35m[HTTP][39m [37m-->[39m [37mPOST[39m [37m/wd/hub/session/c28dfa59-f681-4f5e-85e3-36307ea3021d/elements[39m
[35m[HTTP][39m [90m{"using":"xpath","value":"//hierarchy/android.widget.FrameLayout[1]/android.widget.LinearLayout[1]/android.widget.FrameLayout[1]/android.widget.LinearLayout[1]/android.widget.FrameLayout[1]/android.view.ViewGroup[1]/android.view.ViewGroup[1]/android.view.ViewGroup[1]/android.widget.FrameLayout[1]/android.view.ViewGroup[1]/android.view.ViewGroup[2]/android.view.ViewGroup[1]/android.widget.ScrollView[1]/android.view.ViewGroup[1]/android.view.ViewGroup[1]/android.view.ViewGroup[1]/android.widget.ImageView[1]"}[39m
[35m[HTTP][39m [37m<-- POST /wd/hub/session/c28dfa59-f681-4f5e-85e3-36307ea3021d/elements [39m[32m200[39m [90m578 ms - 139[39m
[35m[HTTP][39m [90m[39m
[35m[HTTP][39m [37m-->[39m [37mGET[39m [37m/wd/hub/session/c28dfa59-f681-4f5e-85e3-36307ea3021d/element/00000000-0000-008b-ffff-ffff00000124/location[39m
[35m[HTTP][39m [90m{}[39m
[35m[W3C (c28dfa59)][39m Driver proxy active, passing request on via HTTP proxy
[35m[WD Proxy][39m Replacing sessionId 165e6ccd-8c3d-46ea-bfae-18a50cc18c31 with c28dfa59-f681-4f5e-85e3-36307ea3021d
[35m[HTTP][39m [37m<-- GET /wd/hub/session/c28dfa59-f681-4f5e-85e3-36307ea3021d/element/00000000-0000-008b-ffff-ffff00000124/location [39m[32m200[39m [90m38 ms - 77[39m
[35m[HTTP][39m [90m[39m
[35m[HTTP][39m [37m-->[39m [37mPOST[39m [37m/wd/hub/session/c28dfa59-f681-4f5e-85e3-36307ea3021d/element/00000000-0000-008b-ffff-ffff00000124/click[39m
[35m[HTTP][39m [90m{"id":"00000000-0000-008b-ffff-ffff00000124"}[39m
[35m[HTTP][39m [37m<-- POST /wd/hub/session/c28dfa59-f681-4f5e-85e3-36307ea3021d/element/00000000-0000-008b-ffff-ffff00000124/click [39m[32m200[39m [90m89 ms - 14[39m
[35m[HTTP][39m [90m[39m
[35m[HTTP][39m [37m-->[39m [37mGET[39m [37m/wd/hub/session/c28dfa59-f681-4f5e-85e3-36307ea3021d/source[39m
[35m[HTTP][39m [90m{}[39m
[35m[W3C (c28dfa59)][39m Driver proxy active, passing request on via HTTP proxy
[35m[WD Proxy][39m Replacing sessionId 165e6ccd-8c3d-46ea-bfae-18a50cc18c31 with c28dfa59-f681-4f5e-85e3-36307ea3021d
[35m[HTTP][39m [37m<-- GET /wd/hub/session/c28dfa59-f681-4f5e-85e3-36307ea3021d/source [39m[32m200[39m [90m1402 ms - 30250[39m
[35m[HTTP][39m [90m[39m
[35m[HTTP][39m [37m-->[39m [37mGET[39m [37m/wd/hub/session/c28dfa59-f681-4f5e-85e3-36307ea3021d/screenshot[39m
[35m[HTTP][39m [90m{}[39m
[35m[HTTP][39m [37m<-- GET /wd/hub/session/c28dfa59-f681-4f5e-85e3-36307ea3021d/screenshot [39m[32m200[39m [90m571 ms - 199078[39m
[35m[HTTP][39m [90m[39m
[35m[HTTP][39m [37m-->[39m [37mPOST[39m [37m/wd/hub/session/c28dfa59-f681-4f5e-85e3-36307ea3021d/elements[39m
[35m[HTTP][39m [90m{"using":"xpath","value":"//*[@class = 'android.widget.ImageView' and (@text = '' or . = '')]"}[39m
[35m[HTTP][39m [37m<-- POST /wd/hub/session/c28dfa59-f681-4f5e-85e3-36307ea3021d/elements [39m[32m200[39m [90m601 ms - 1547[39m
[35m[HTTP][39m [90m[39m
[35m[HTTP][39m [37m-->[39m [37mPOST[39m [37m/wd/hub/session/c28dfa59-f681-4f5e-85e3-36307ea3021d/elements[39m
[35m[HTTP][39m [90m{"using":"-android uiautomator","value":"new UiSelector().className(\"android.widget.ImageView\")"}[39m
[35m[HTTP][39m [37m<-- POST /wd/hub/session/c28dfa59-f681-4f5e-85e3-36307ea3021d/elements [39m[32m200[39m [90m678 ms - 1547[39m
[35m[HTTP][39m [90m[39m
[35m[HTTP][39m [37m-->[39m [37mGET[39m [37m/wd/hub/session/c28dfa59-f681-4f5e-85e3-36307ea3021d/window/rect[39m
[35m[HTTP][39m [90m{}[39m
[35m[HTTP][39m [37m<-- GET /wd/hub/session/c28dfa59-f681-4f5e-85e3-36307ea3021d/window/rect [39m[32m200[39m [90m26 ms - 50[39m
[35m[HTTP][39m [90m[39m
[35m[HTTP][39m [37m-->[39m [37mPOST[39m [37m/wd/hub/session/c28dfa59-f681-4f5e-85e3-36307ea3021d/elements[39m
[35m[HTTP][39m [90m{"using":"xpath","value":"//hierarchy/android.widget.FrameLayout[1]/android.widget.LinearLayout[1]/android.widget.FrameLayout[1]/android.widget.LinearLayout[1]/android.widget.FrameLayout[1]/android.view.ViewGroup[1]/android.view.ViewGroup[1]/android.view.ViewGroup[1]/android.widget.FrameLayout[1]/android.view.ViewGroup[1]/android.view.ViewGroup[2]/android.view.ViewGroup[1]/android.widget.ScrollView[1]/android.view.ViewGroup[1]/android.view.ViewGroup[2]/android.view.ViewGroup[2]/android.widget.ImageView[1]"}[39m
[35m[HTTP][39m [37m<-- POST /wd/hub/session/c28dfa59-f681-4f5e-85e3-36307ea3021d/elements [39m[32m200[39m [90m578 ms - 139[39m
[35m[HTTP][39m [90m[39m
[35m[HTTP][39m [37m-->[39m [37mGET[39m [37m/wd/hub/session/c28dfa59-f681-4f5e-85e3-36307ea3021d/element/00000000-0000-008b-ffff-ffff000001d5/location[39m
[35m[HTTP][39m [90m{}[39m
[35m[W3C (c28dfa59)][39m Driver proxy active, passing request on via HTTP proxy
[35m[WD Proxy][39m Replacing sessionId 165e6ccd-8c3d-46ea-bfae-18a50cc18c31 with c28dfa59-f681-4f5e-85e3-36307ea3021d
[35m[HTTP][39m [37m<-- GET /wd/hub/session/c28dfa59-f681-4f5e-85e3-36307ea3021d/element/00000000-0000-008b-ffff-ffff000001d5/location [39m[32m200[39m [90m41 ms - 78[39m
[35m[HTTP][39m [90m[39m
[35m[HTTP][39m [37m-->[39m [37mPOST[39m [37m/wd/hub/session/c28dfa59-f681-4f5e-85e3-36307ea3021d/element/00000000-0000-008b-ffff-ffff000001d5/click[39m
[35m[HTTP][39m [90m{"id":"00000000-0000-008b-ffff-ffff000001d5"}[39m
[35m[HTTP][39m [37m<-- POST /wd/hub/session/c28dfa59-f681-4f5e-85e3-36307ea3021d/element/00000000-0000-008b-ffff-ffff000001d5/click [39m[32m200[39m [90m1284 ms - 14[39m
[35m[HTTP][39m [90m[39m
[35m[HTTP][39m [37m-->[39m [37mGET[39m [37m/wd/hub/session/c28dfa59-f681-4f5e-85e3-36307ea3021d/source[39m
[35m[HTTP][39m [90m{}[39m
[35m[W3C (c28dfa59)][39m Driver proxy active, passing request on via HTTP proxy
[35m[WD Proxy][39m Replacing sessionId 165e6ccd-8c3d-46ea-bfae-18a50cc18c31 with c28dfa59-f681-4f5e-85e3-36307ea3021d
[35m[HTTP][39m [37m<-- GET /wd/hub/session/c28dfa59-f681-4f5e-85e3-36307ea3021d/source [39m[32m200[39m [90m177 ms - 12714[39m
[35m[HTTP][39m [90m[39m
[35m[HTTP][39m [37m-->[39m [37mGET[39m [37m/wd/hub/session/c28dfa59-f681-4f5e-85e3-36307ea3021d/screenshot[39m
[35m[HTTP][39m [90m{}[39m
[35m[HTTP][39m [37m<-- GET /wd/hub/session/c28dfa59-f681-4f5e-85e3-36307ea3021d/screenshot [39m[32m200[39m [90m593 ms - 262864[39m
[35m[HTTP][39m [90m[39m
[35m[HTTP][39m [37m-->[39m [37mPOST[39m [37m/wd/hub/session/c28dfa59-f681-4f5e-85e3-36307ea3021d/elements[39m
[35m[HTTP][39m [90m{"using":"xpath","value":"//*[@class = 'android.view.ViewGroup' and (@text = '' or . = '')]"}[39m
[35m[HTTP][39m [37m<-- POST /wd/hub/session/c28dfa59-f681-4f5e-85e3-36307ea3021d/elements [39m[32m200[39m [90m211 ms - 1419[39m
[35m[HTTP][39m [90m[39m
[35m[HTTP][39m [37m-->[39m [37mPOST[39m [37m/wd/hub/session/c28dfa59-f681-4f5e-85e3-36307ea3021d/elements[39m
[35m[HTTP][39m [90m{"using":"accessibility id","value":"btnPilih5fbf8ac1566a0f6404af27a8"}[39m
[35m[HTTP][39m [37m<-- POST /wd/hub/session/c28dfa59-f681-4f5e-85e3-36307ea3021d/elements [39m[32m200[39m [90m125 ms - 139[39m
[35m[HTTP][39m [90m[39m
[35m[HTTP][39m [37m-->[39m [37mGET[39m [37m/wd/hub/session/c28dfa59-f681-4f5e-85e3-36307ea3021d/window/rect[39m
[35m[HTTP][39m [90m{}[39m
[35m[HTTP][39m [37m<-- GET /wd/hub/session/c28dfa59-f681-4f5e-85e3-36307ea3021d/window/rect [39m[32m200[39m [90m41 ms - 50[39m
[35m[HTTP][39m [90m[39m
[35m[HTTP][39m [37m-->[39m [37mPOST[39m [37m/wd/hub/session/c28dfa59-f681-4f5e-85e3-36307ea3021d/elements[39m
[35m[HTTP][39m [90m{"using":"accessibility id","value":"btnPilih5fbf8ac1566a0f6404af27a8"}[39m
[35m[HTTP][39m [37m<-- POST /wd/hub/session/c28dfa59-f681-4f5e-85e3-36307ea3021d/elements [39m[32m200[39m [90m153 ms - 139[39m
[35m[HTTP][39m [90m[39m
[35m[HTTP][39m [37m-->[39m [37mGET[39m [37m/wd/hub/session/c28dfa59-f681-4f5e-85e3-36307ea3021d/element/00000000-0000-008d-ffff-ffff0000024b/location[39m
[35m[HTTP][39m [90m{}[39m
[35m[W3C (c28dfa59)][39m Driver proxy active, passing request on via HTTP proxy
[35m[WD Proxy][39m Replacing sessionId 165e6ccd-8c3d-46ea-bfae-18a50cc18c31 with c28dfa59-f681-4f5e-85e3-36307ea3021d
[35m[HTTP][39m [37m<-- GET /wd/hub/session/c28dfa59-f681-4f5e-85e3-36307ea3021d/element/00000000-0000-008d-ffff-ffff0000024b/location [39m[32m200[39m [90m58 ms - 78[39m
[35m[HTTP][39m [90m[39m
[35m[HTTP][39m [37m-->[39m [37mPOST[39m [37m/wd/hub/session/c28dfa59-f681-4f5e-85e3-36307ea3021d/element/00000000-0000-008d-ffff-ffff0000024b/click[39m
[35m[HTTP][39m [90m{"id":"00000000-0000-008d-ffff-ffff0000024b"}[39m
[35m[HTTP][39m [37m<-- POST /wd/hub/session/c28dfa59-f681-4f5e-85e3-36307ea3021d/element/00000000-0000-008d-ffff-ffff0000024b/click [39m[32m200[39m [90m110 ms - 14[39m
[35m[HTTP][39m [90m[39m
[35m[HTTP][39m [37m-->[39m [37mGET[39m [37m/wd/hub/session/c28dfa59-f681-4f5e-85e3-36307ea3021d/source[39m
[35m[HTTP][39m [90m{}[39m
[35m[W3C (c28dfa59)][39m Driver proxy active, passing request on via HTTP proxy
[35m[WD Proxy][39m Replacing sessionId 165e6ccd-8c3d-46ea-bfae-18a50cc18c31 with c28dfa59-f681-4f5e-85e3-36307ea3021d
[35m[HTTP][39m [37m<-- GET /wd/hub/session/c28dfa59-f681-4f5e-85e3-36307ea3021d/source [39m[32m200[39m [90m644 ms - 7609[39m
[35m[HTTP][39m [90m[39m
[35m[HTTP][39m [37m-->[39m [37mGET[39m [37m/wd/hub/session/c28dfa59-f681-4f5e-85e3-36307ea3021d/screenshot[39m
[35m[HTTP][39m [90m{}[39m
[35m[HTTP][39m [37m<-- GET /wd/hub/session/c28dfa59-f681-4f5e-85e3-36307ea3021d/screenshot [39m[32m200[39m [90m442 ms - 57030[39m
[35m[HTTP][39m [90m[39m
[35m[HTTP][39m [37m-->[39m [37mGET[39m [37m/wd/hub/session/c28dfa59-f681-4f5e-85e3-36307ea3021d/source[39m
[35m[HTTP][39m [90m{}[39m
[35m[W3C (c28dfa59)][39m Driver proxy active, passing request on via HTTP proxy
[35m[WD Proxy][39m Replacing sessionId 165e6ccd-8c3d-46ea-bfae-18a50cc18c31 with c28dfa59-f681-4f5e-85e3-36307ea3021d
[35m[HTTP][39m [37m<-- GET /wd/hub/session/c28dfa59-f681-4f5e-85e3-36307ea3021d/source [39m[32m200[39m [90m299 ms - 15164[39m
[35m[HTTP][39m [90m[39m
[35m[HTTP][39m [37m-->[39m [37mGET[39m [37m/wd/hub/session/c28dfa59-f681-4f5e-85e3-36307ea3021d/screenshot[39m
[35m[HTTP][39m [90m{}[39m
[35m[HTTP][39m [37m<-- GET /wd/hub/session/c28dfa59-f681-4f5e-85e3-36307ea3021d/screenshot [39m[32m200[39m [90m554 ms - 139452[39m
[35m[HTTP][39m [90m[39m
[35m[HTTP][39m [37m-->[39m [37mPOST[39m [37m/wd/hub/session/c28dfa59-f681-4f5e-85e3-36307ea3021d/elements[39m
[35m[HTTP][39m [90m{"using":"xpath","value":"//*[@class = 'android.widget.TextView' and (@text = 'Pilih Jenis Gula Darah' or . = 'Pilih Jenis Gula Darah') and @resource-id = 'android:id/text1']"}[39m
[35m[HTTP][39m [37m<-- POST /wd/hub/session/c28dfa59-f681-4f5e-85e3-36307ea3021d/elements [39m[32m200[39m [90m351 ms - 139[39m
[35m[HTTP][39m [90m[39m
[35m[HTTP][39m [37m-->[39m [37mGET[39m [37m/wd/hub/session/c28dfa59-f681-4f5e-85e3-36307ea3021d/window/rect[39m
[35m[HTTP][39m [90m{}[39m
[35m[HTTP][39m [37m<-- GET /wd/hub/session/c28dfa59-f681-4f5e-85e3-36307ea3021d/window/rect [39m[32m200[39m [90m25 ms - 50[39m
[35m[HTTP][39m [90m[39m
[35m[HTTP][39m [37m-->[39m [37mPOST[39m [37m/wd/hub/session/c28dfa59-f681-4f5e-85e3-36307ea3021d/elements[39m
[35m[HTTP][39m [90m{"using":"xpath","value":"//*[@class = 'android.widget.TextView' and (@text = 'Pilih Jenis Gula Darah' or . = 'Pilih Jenis Gula Darah') and @resource-id = 'android:id/text1']"}[39m
[35m[HTTP][39m [37m<-- POST /wd/hub/session/c28dfa59-f681-4f5e-85e3-36307ea3021d/elements [39m[32m200[39m [90m334 ms - 139[39m
[35m[HTTP][39m [90m[39m
[35m[HTTP][39m [37m-->[39m [37mGET[39m [37m/wd/hub/session/c28dfa59-f681-4f5e-85e3-36307ea3021d/element/00000000-0000-008b-ffff-ffff00000280/location[39m
[35m[HTTP][39m [90m{}[39m
[35m[W3C (c28dfa59)][39m Driver proxy active, passing request on via HTTP proxy
[35m[WD Proxy][39m Replacing sessionId 165e6ccd-8c3d-46ea-bfae-18a50cc18c31 with c28dfa59-f681-4f5e-85e3-36307ea3021d
[35m[HTTP][39m [37m<-- GET /wd/hub/session/c28dfa59-f681-4f5e-85e3-36307ea3021d/element/00000000-0000-008b-ffff-ffff00000280/location [39m[32m200[39m [90m38 ms - 78[39m
[35m[HTTP][39m [90m[39m
[35m[HTTP][39m [37m-->[39m [37mPOST[39m [37m/wd/hub/session/c28dfa59-f681-4f5e-85e3-36307ea3021d/element/00000000-0000-008b-ffff-ffff00000280/click[39m
[35m[HTTP][39m [90m{"id":"00000000-0000-008b-ffff-ffff00000280"}[39m
[35m[HTTP][39m [37m<-- POST /wd/hub/session/c28dfa59-f681-4f5e-85e3-36307ea3021d/element/00000000-0000-008b-ffff-ffff00000280/click [39m[32m200[39m [90m111 ms - 14[39m
[35m[HTTP][39m [90m[39m
[35m[HTTP][39m [37m-->[39m [37mGET[39m [37m/wd/hub/session/c28dfa59-f681-4f5e-85e3-36307ea3021d/source[39m
[35m[HTTP][39m [90m{}[39m
[35m[W3C (c28dfa59)][39m Driver proxy active, passing request on via HTTP proxy
[35m[WD Proxy][39m Replacing sessionId 165e6ccd-8c3d-46ea-bfae-18a50cc18c31 with c28dfa59-f681-4f5e-85e3-36307ea3021d
[35m[HTTP][39m [37m<-- GET /wd/hub/session/c28dfa59-f681-4f5e-85e3-36307ea3021d/source [39m[32m200[39m [90m231 ms - 8055[39m
[35m[HTTP][39m [90m[39m
[35m[HTTP][39m [37m-->[39m [37mGET[39m [37m/wd/hub/session/c28dfa59-f681-4f5e-85e3-36307ea3021d/screenshot[39m
[35m[HTTP][39m [90m{}[39m
[35m[HTTP][39m [37m<-- GET /wd/hub/session/c28dfa59-f681-4f5e-85e3-36307ea3021d/screenshot [39m[32m200[39m [90m532 ms - 154536[39m
[35m[HTTP][39m [90m[39m
[35m[HTTP][39m [37m-->[39m [37mPOST[39m [37m/wd/hub/session/c28dfa59-f681-4f5e-85e3-36307ea3021d/elements[39m
[35m[HTTP][39m [90m{"using":"xpath","value":"//*[@class = 'android.widget.CheckedTextView' and (@text = 'Sebelum Makan Siang' or . = 'Sebelum Makan Siang') and @resource-id = 'android:id/text1']"}[39m
[35m[HTTP][39m [37m<-- POST /wd/hub/session/c28dfa59-f681-4f5e-85e3-36307ea3021d/elements [39m[32m200[39m [90m273 ms - 139[39m
[35m[HTTP][39m [90m[39m
[35m[HTTP][39m [37m-->[39m [37mGET[39m [37m/wd/hub/session/c28dfa59-f681-4f5e-85e3-36307ea3021d/window/rect[39m
[35m[HTTP][39m [90m{}[39m
[35m[HTTP][39m [37m<-- GET /wd/hub/session/c28dfa59-f681-4f5e-85e3-36307ea3021d/window/rect [39m[32m200[39m [90m19 ms - 50[39m
[35m[HTTP][39m [90m[39m
[35m[HTTP][39m [37m-->[39m [37mPOST[39m [37m/wd/hub/session/c28dfa59-f681-4f5e-85e3-36307ea3021d/elements[39m
[35m[HTTP][39m [90m{"using":"xpath","value":"//*[@class = 'android.widget.CheckedTextView' and (@text = 'Sebelum Makan Siang' or . = 'Sebelum Makan Siang') and @resource-id = 'android:id/text1']"}[39m
[35m[HTTP][39m [37m<-- POST /wd/hub/session/c28dfa59-f681-4f5e-85e3-36307ea3021d/elements [39m[32m200[39m [90m258 ms - 139[39m
[35m[HTTP][39m [90m[39m
[35m[HTTP][39m [37m-->[39m [37mGET[39m [37m/wd/hub/session/c28dfa59-f681-4f5e-85e3-36307ea3021d/element/00000000-0000-008e-ffff-ffff0000029a/location[39m
[35m[HTTP][39m [90m{}[39m
[35m[W3C (c28dfa59)][39m Driver proxy active, passing request on via HTTP proxy
[35m[WD Proxy][39m Replacing sessionId 165e6ccd-8c3d-46ea-bfae-18a50cc18c31 with c28dfa59-f681-4f5e-85e3-36307ea3021d
[35m[HTTP][39m [37m<-- GET /wd/hub/session/c28dfa59-f681-4f5e-85e3-36307ea3021d/element/00000000-0000-008e-ffff-ffff0000029a/location [39m[32m200[39m [90m39 ms - 77[39m
[35m[HTTP][39m [90m[39m
[35m[HTTP][39m [37m-->[39m [37mPOST[39m [37m/wd/hub/session/c28dfa59-f681-4f5e-85e3-36307ea3021d/element/00000000-0000-008e-ffff-ffff0000029a/click[39m
[35m[HTTP][39m [90m{"id":"00000000-0000-008e-ffff-ffff0000029a"}[39m
[35m[HTTP][39m [37m<-- POST /wd/hub/session/c28dfa59-f681-4f5e-85e3-36307ea3021d/element/00000000-0000-008e-ffff-ffff0000029a/click [39m[32m200[39m [90m744 ms - 14[39m
[35m[HTTP][39m [90m[39m
[35m[HTTP][39m [37m-->[39m [37mGET[39m [37m/wd/hub/session/c28dfa59-f681-4f5e-85e3-36307ea3021d/source[39m
[35m[HTTP][39m [90m{}[39m
[35m[W3C (c28dfa59)][39m Driver proxy active, passing request on via HTTP proxy
[35m[WD Proxy][39m Replacing sessionId 165e6ccd-8c3d-46ea-bfae-18a50cc18c31 with c28dfa59-f681-4f5e-85e3-36307ea3021d
[35m[HTTP][39m [37m<-- GET /wd/hub/session/c28dfa59-f681-4f5e-85e3-36307ea3021d/source [39m[32m200[39m [90m198 ms - 16470[39m
[35m[HTTP][39m [90m[39m
[35m[HTTP][39m [37m-->[39m [37mGET[39m [37m/wd/hub/session/c28dfa59-f681-4f5e-85e3-36307ea3021d/screenshot[39m
[35m[HTTP][39m [90m{}[39m
[35m[HTTP][39m [37m<-- GET /wd/hub/session/c28dfa59-f681-4f5e-85e3-36307ea3021d/screenshot [39m[32m200[39m [90m530 ms - 181708[39m
[35m[HTTP][39m [90m[39m
[35m[HTTP][39m [37m-->[39m [37mPOST[39m [37m/wd/hub/session/c28dfa59-f681-4f5e-85e3-36307ea3021d/elements[39m
[35m[HTTP][39m [90m{"using":"xpath","value":"//*[@class = 'android.widget.EditText' and (@text = 'Input Waktu' or . = 'Input Waktu')]"}[39m
[35m[HTTP][39m [37m<-- POST /wd/hub/session/c28dfa59-f681-4f5e-85e3-36307ea3021d/elements [39m[32m200[39m [90m333 ms - 139[39m
[35m[HTTP][39m [90m[39m
[35m[HTTP][39m [37m-->[39m [37mGET[39m [37m/wd/hub/session/c28dfa59-f681-4f5e-85e3-36307ea3021d/window/rect[39m
[35m[HTTP][39m [90m{}[39m
[35m[HTTP][39m [37m<-- GET /wd/hub/session/c28dfa59-f681-4f5e-85e3-36307ea3021d/window/rect [39m[32m200[39m [90m20 ms - 50[39m
[35m[HTTP][39m [90m[39m
[35m[HTTP][39m [37m-->[39m [37mPOST[39m [37m/wd/hub/session/c28dfa59-f681-4f5e-85e3-36307ea3021d/elements[39m
[35m[HTTP][39m [90m{"using":"xpath","value":"//*[@class = 'android.widget.EditText' and (@text = 'Input Waktu' or . = 'Input Waktu')]"}[39m
[35m[HTTP][39m [37m<-- POST /wd/hub/session/c28dfa59-f681-4f5e-85e3-36307ea3021d/elements [39m[32m200[39m [90m193 ms - 139[39m
[35m[HTTP][39m [90m[39m
[35m[HTTP][39m [37m-->[39m [37mGET[39m [37m/wd/hub/session/c28dfa59-f681-4f5e-85e3-36307ea3021d/element/00000000-0000-008b-ffff-ffff0000027d/location[39m
[35m[HTTP][39m [90m{}[39m
[35m[W3C (c28dfa59)][39m Driver proxy active, passing request on via HTTP proxy
[35m[WD Proxy][39m Replacing sessionId 165e6ccd-8c3d-46ea-bfae-18a50cc18c31 with c28dfa59-f681-4f5e-85e3-36307ea3021d
[35m[HTTP][39m [37m<-- GET /wd/hub/session/c28dfa59-f681-4f5e-85e3-36307ea3021d/element/00000000-0000-008b-ffff-ffff0000027d/location [39m[32m200[39m [90m38 ms - 79[39m
[35m[HTTP][39m [90m[39m
[35m[HTTP][39m [37m-->[39m [37mPOST[39m [37m/wd/hub/session/c28dfa59-f681-4f5e-85e3-36307ea3021d/element/00000000-0000-008b-ffff-ffff0000027d/click[39m
[35m[HTTP][39m [90m{"id":"00000000-0000-008b-ffff-ffff0000027d"}[39m
[35m[HTTP][39m [37m<-- POST /wd/hub/session/c28dfa59-f681-4f5e-85e3-36307ea3021d/element/00000000-0000-008b-ffff-ffff0000027d/click [39m[32m200[39m [90m106 ms - 14[39m
[35m[HTTP][39m [90m[39m
[35m[HTTP][39m [37m-->[39m [37mGET[39m [37m/wd/hub/session/c28dfa59-f681-4f5e-85e3-36307ea3021d/source[39m
[35m[HTTP][39m [90m{}[39m
[35m[W3C (c28dfa59)][39m Driver proxy active, passing request on via HTTP proxy
[35m[WD Proxy][39m Replacing sessionId 165e6ccd-8c3d-46ea-bfae-18a50cc18c31 with c28dfa59-f681-4f5e-85e3-36307ea3021d
[35m[HTTP][39m [37m<-- GET /wd/hub/session/c28dfa59-f681-4f5e-85e3-36307ea3021d/source [39m[32m200[39m [90m475 ms - 12289[39m
[35m[HTTP][39m [90m[39m
[35m[HTTP][39m [37m-->[39m [37mGET[39m [37m/wd/hub/session/c28dfa59-f681-4f5e-85e3-36307ea3021d/screenshot[39m
[35m[HTTP][39m [90m{}[39m
[35m[HTTP][39m [37m<-- GET /wd/hub/session/c28dfa59-f681-4f5e-85e3-36307ea3021d/screenshot [39m[32m200[39m [90m513 ms - 154108[39m
[35m[HTTP][39m [90m[39m
[35m[HTTP][39m [37m-->[39m [37mGET[39m [37m/wd/hub/session/c28dfa59-f681-4f5e-85e3-36307ea3021d/source[39m
[35m[HTTP][39m [90m{}[39m
[35m[W3C (c28dfa59)][39m Driver proxy active, passing request on via HTTP proxy
[35m[WD Proxy][39m Replacing sessionId 165e6ccd-8c3d-46ea-bfae-18a50cc18c31 with c28dfa59-f681-4f5e-85e3-36307ea3021d
[35m[HTTP][39m [37m<-- GET /wd/hub/session/c28dfa59-f681-4f5e-85e3-36307ea3021d/source [39m[32m200[39m [90m283 ms - 12289[39m
[35m[HTTP][39m [90m[39m
[35m[HTTP][39m [37m-->[39m [37mGET[39m [37m/wd/hub/session/c28dfa59-f681-4f5e-85e3-36307ea3021d/screenshot[39m
[35m[HTTP][39m [90m{}[39m
[35m[HTTP][39m [37m<-- GET /wd/hub/session/c28dfa59-f681-4f5e-85e3-36307ea3021d/screenshot [39m[32m200[39m [90m525 ms - 154998[39m
[35m[HTTP][39m [90m[39m
[35m[HTTP][39m [37m-->[39m [37mPOST[39m [37m/wd/hub/session/c28dfa59-f681-4f5e-85e3-36307ea3021d/elements[39m
[35m[HTTP][39m [90m{"using":"xpath","value":"//*[@class = 'android.widget.TextView' and (@text = 'KONFIRMASI' or . = 'KONFIRMASI')]"}[39m
[35m[HTTP][39m [37m<-- POST /wd/hub/session/c28dfa59-f681-4f5e-85e3-36307ea3021d/elements [39m[32m200[39m [90m269 ms - 139[39m
[35m[HTTP][39m [90m[39m
[35m[HTTP][39m [37m-->[39m [37mGET[39m [37m/wd/hub/session/c28dfa59-f681-4f5e-85e3-36307ea3021d/window/rect[39m
[35m[HTTP][39m [90m{}[39m
[35m[HTTP][39m [37m<-- GET /wd/hub/session/c28dfa59-f681-4f5e-85e3-36307ea3021d/window/rect [39m[32m200[39m [90m23 ms - 50[39m
[35m[HTTP][39m [90m[39m
[35m[HTTP][39m [37m-->[39m [37mPOST[39m [37m/wd/hub/session/c28dfa59-f681-4f5e-85e3-36307ea3021d/elements[39m
[35m[HTTP][39m [90m{"using":"xpath","value":"//*[@class = 'android.widget.TextView' and (@text = 'KONFIRMASI' or . = 'KONFIRMASI')]"}[39m
[35m[HTTP][39m [37m<-- POST /wd/hub/session/c28dfa59-f681-4f5e-85e3-36307ea3021d/elements [39m[32m200[39m [90m257 ms - 139[39m
[35m[HTTP][39m [90m[39m
[35m[HTTP][39m [37m-->[39m [37mGET[39m [37m/wd/hub/session/c28dfa59-f681-4f5e-85e3-36307ea3021d/element/00000000-0000-008f-ffff-ffff000002c2/location[39m
[35m[HTTP][39m [90m{}[39m
[35m[W3C (c28dfa59)][39m Driver proxy active, passing request on via HTTP proxy
[35m[WD Proxy][39m Replacing sessionId 165e6ccd-8c3d-46ea-bfae-18a50cc18c31 with c28dfa59-f681-4f5e-85e3-36307ea3021d
[35m[HTTP][39m [37m<-- GET /wd/hub/session/c28dfa59-f681-4f5e-85e3-36307ea3021d/element/00000000-0000-008f-ffff-ffff000002c2/location [39m[32m200[39m [90m336 ms - 79[39m
[35m[HTTP][39m [90m[39m
[35m[HTTP][39m [37m-->[39m [37mPOST[39m [37m/wd/hub/session/c28dfa59-f681-4f5e-85e3-36307ea3021d/element/00000000-0000-008f-ffff-ffff000002c2/click[39m
[35m[HTTP][39m [90m{"id":"00000000-0000-008f-ffff-ffff000002c2"}[39m
[35m[HTTP][39m [37m<-- POST /wd/hub/session/c28dfa59-f681-4f5e-85e3-36307ea3021d/element/00000000-0000-008f-ffff-ffff000002c2/click [39m[32m200[39m [90m113 ms - 14[39m
[35m[HTTP][39m [90m[39m
[35m[HTTP][39m [37m-->[39m [37mGET[39m [37m/wd/hub/session/c28dfa59-f681-4f5e-85e3-36307ea3021d/source[39m
[35m[HTTP][39m [90m{}[39m
[35m[W3C (c28dfa59)][39m Driver proxy active, passing request on via HTTP proxy
[35m[WD Proxy][39m Replacing sessionId 165e6ccd-8c3d-46ea-bfae-18a50cc18c31 with c28dfa59-f681-4f5e-85e3-36307ea3021d
[35m[HTTP][39m [37m<-- GET /wd/hub/session/c28dfa59-f681-4f5e-85e3-36307ea3021d/source [39m[32m200[39m [90m733 ms - 16464[39m
[35m[HTTP][39m [90m[39m
[35m[HTTP][39m [37m-->[39m [37mGET[39m [37m/wd/hub/session/c28dfa59-f681-4f5e-85e3-36307ea3021d/screenshot[39m
[35m[HTTP][39m [90m{}[39m
[35m[HTTP][39m [37m<-- GET /wd/hub/session/c28dfa59-f681-4f5e-85e3-36307ea3021d/screenshot [39m[32m200[39m [90m559 ms - 180198[39m
[35m[HTTP][39m [90m[39m
[35m[HTTP][39m [37m-->[39m [37mPOST[39m [37m/wd/hub/session/c28dfa59-f681-4f5e-85e3-36307ea3021d/elements[39m
[35m[HTTP][39m [90m{"using":"xpath","value":"//*[@class = 'android.widget.EditText' and (@text = '128 Mg/dL' or . = '128 Mg/dL')]"}[39m
[35m[HTTP][39m [37m<-- POST /wd/hub/session/c28dfa59-f681-4f5e-85e3-36307ea3021d/elements [39m[32m200[39m [90m340 ms - 139[39m
[35m[HTTP][39m [90m[39m
[35m[HTTP][39m [37m-->[39m [37mGET[39m [37m/wd/hub/session/c28dfa59-f681-4f5e-85e3-36307ea3021d/window/rect[39m
[35m[HTTP][39m [90m{}[39m
[35m[HTTP][39m [37m<-- GET /wd/hub/session/c28dfa59-f681-4f5e-85e3-36307ea3021d/window/rect [39m[32m200[39m [90m24 ms - 50[39m
[35m[HTTP][39m [90m[39m
[35m[HTTP][39m [37m-->[39m [37mPOST[39m [37m/wd/hub/session/c28dfa59-f681-4f5e-85e3-36307ea3021d/elements[39m
[35m[HTTP][39m [90m{"using":"xpath","value":"//*[@class = 'android.widget.EditText' and (@text = '128 Mg/dL' or . = '128 Mg/dL')]"}[39m
[35m[HTTP][39m [37m<-- POST /wd/hub/session/c28dfa59-f681-4f5e-85e3-36307ea3021d/elements [39m[32m200[39m [90m328 ms - 139[39m
[35m[HTTP][39m [90m[39m
[35m[HTTP][39m [37m-->[39m [37mGET[39m [37m/wd/hub/session/c28dfa59-f681-4f5e-85e3-36307ea3021d/element/00000000-0000-008b-ffff-ffff0000027f/location[39m
[35m[HTTP][39m [90m{}[39m
[35m[W3C (c28dfa59)][39m Driver proxy active, passing request on via HTTP proxy
[35m[WD Proxy][39m Replacing sessionId 165e6ccd-8c3d-46ea-bfae-18a50cc18c31 with c28dfa59-f681-4f5e-85e3-36307ea3021d
[35m[HTTP][39m [37m<-- GET /wd/hub/session/c28dfa59-f681-4f5e-85e3-36307ea3021d/element/00000000-0000-008b-ffff-ffff0000027f/location [39m[32m200[39m [90m47 ms - 78[39m
[35m[HTTP][39m [90m[39m
[35m[HTTP][39m [37m-->[39m [37mPOST[39m [37m/wd/hub/session/c28dfa59-f681-4f5e-85e3-36307ea3021d/element/00000000-0000-008b-ffff-ffff0000027f/clear[39m
[35m[HTTP][39m [90m{"id":"00000000-0000-008b-ffff-ffff0000027f"}[39m
[35m[HTTP][39m [37m<-- POST /wd/hub/session/c28dfa59-f681-4f5e-85e3-36307ea3021d/element/00000000-0000-008b-ffff-ffff0000027f/clear [39m[32m200[39m [90m56 ms - 14[39m
[35m[HTTP][39m [90m[39m
[35m[HTTP][39m [37m-->[39m [37mPOST[39m [37m/wd/hub/session/c28dfa59-f681-4f5e-85e3-36307ea3021d/element/00000000-0000-008b-ffff-ffff0000027f/value[39m
[35m[HTTP][39m [90m{"id":"00000000-0000-008b-ffff-ffff0000027f","text":"128","value":["1","2","8"]}[39m
[35m[HTTP][39m [37m<-- POST /wd/hub/session/c28dfa59-f681-4f5e-85e3-36307ea3021d/element/00000000-0000-008b-ffff-ffff0000027f/value [39m[32m200[39m [90m1583 ms - 14[39m
[35m[HTTP][39m [90m[39m
[35m[HTTP][39m [37m-->[39m [37mGET[39m [37m/wd/hub/session/c28dfa59-f681-4f5e-85e3-36307ea3021d/source[39m
[35m[HTTP][39m [90m{}[39m
[35m[W3C (c28dfa59)][39m Driver proxy active, passing request on via HTTP proxy
[35m[WD Proxy][39m Replacing sessionId 165e6ccd-8c3d-46ea-bfae-18a50cc18c31 with c28dfa59-f681-4f5e-85e3-36307ea3021d
[35m[HTTP][39m [37m<-- GET /wd/hub/session/c28dfa59-f681-4f5e-85e3-36307ea3021d/source [39m[32m200[39m [90m306 ms - 16458[39m
[35m[HTTP][39m [90m[39m
[35m[HTTP][39m [37m-->[39m [37mGET[39m [37m/wd/hub/session/c28dfa59-f681-4f5e-85e3-36307ea3021d/screenshot[39m
[35m[HTTP][39m [90m{}[39m
[35m[HTTP][39m [37m<-- GET /wd/hub/session/c28dfa59-f681-4f5e-85e3-36307ea3021d/screenshot [39m[32m200[39m [90m531 ms - 176470[39m
[35m[HTTP][39m [90m[39m
[35m[HTTP][39m [37m-->[39m [37mPOST[39m [37m/wd/hub/session/c28dfa59-f681-4f5e-85e3-36307ea3021d/elements[39m
[35m[HTTP][39m [90m{"using":"xpath","value":"//*[@class = 'android.widget.EditText' and (@text = 'Silahkan isi disini' or . = 'Silahkan isi disini')]"}[39m
[35m[HTTP][39m [37m<-- POST /wd/hub/session/c28dfa59-f681-4f5e-85e3-36307ea3021d/elements [39m[32m200[39m [90m279 ms - 139[39m
[35m[HTTP][39m [90m[39m
[35m[HTTP][39m [37m-->[39m [37mGET[39m [37m/wd/hub/session/c28dfa59-f681-4f5e-85e3-36307ea3021d/window/rect[39m
[35m[HTTP][39m [90m{}[39m
[35m[HTTP][39m [37m<-- GET /wd/hub/session/c28dfa59-f681-4f5e-85e3-36307ea3021d/window/rect [39m[32m200[39m [90m22 ms - 50[39m
[35m[HTTP][39m [90m[39m
[35m[HTTP][39m [37m-->[39m [37mPOST[39m [37m/wd/hub/session/c28dfa59-f681-4f5e-85e3-36307ea3021d/elements[39m
[35m[HTTP][39m [90m{"using":"xpath","value":"//*[@class = 'android.widget.EditText' and (@text = 'Silahkan isi disini' or . = 'Silahkan isi disini')]"}[39m
[35m[HTTP][39m [37m<-- POST /wd/hub/session/c28dfa59-f681-4f5e-85e3-36307ea3021d/elements [39m[32m200[39m [90m286 ms - 139[39m
[35m[HTTP][39m [90m[39m
[35m[HTTP][39m [37m-->[39m [37mGET[39m [37m/wd/hub/session/c28dfa59-f681-4f5e-85e3-36307ea3021d/element/00000000-0000-008b-ffff-ffff000002a4/location[39m
[35m[HTTP][39m [90m{}[39m
[35m[W3C (c28dfa59)][39m Driver proxy active, passing request on via HTTP proxy
[35m[WD Proxy][39m Replacing sessionId 165e6ccd-8c3d-46ea-bfae-18a50cc18c31 with c28dfa59-f681-4f5e-85e3-36307ea3021d
[35m[HTTP][39m [37m<-- GET /wd/hub/session/c28dfa59-f681-4f5e-85e3-36307ea3021d/element/00000000-0000-008b-ffff-ffff000002a4/location [39m[32m200[39m [90m38 ms - 78[39m
[35m[HTTP][39m [90m[39m
[35m[HTTP][39m [37m-->[39m [37mPOST[39m [37m/wd/hub/session/c28dfa59-f681-4f5e-85e3-36307ea3021d/element/00000000-0000-008b-ffff-ffff000002a4/clear[39m
[35m[HTTP][39m [90m{"id":"00000000-0000-008b-ffff-ffff000002a4"}[39m
[35m[HTTP][39m [37m<-- POST /wd/hub/session/c28dfa59-f681-4f5e-85e3-36307ea3021d/element/00000000-0000-008b-ffff-ffff000002a4/clear [39m[32m200[39m [90m52 ms - 14[39m
[35m[HTTP][39m [90m[39m
[35m[HTTP][39m [37m-->[39m [37mPOST[39m [37m/wd/hub/session/c28dfa59-f681-4f5e-85e3-36307ea3021d/element/00000000-0000-008b-ffff-ffff000002a4/value[39m
[35m[HTTP][39m [90m{"id":"00000000-0000-008b-ffff-ffff000002a4","text":"Nasi Goreng","value":["N","a","s","i"," ","G","o","r","e","n","g"]}[39m
[35m[HTTP][39m [37m<-- POST /wd/hub/session/c28dfa59-f681-4f5e-85e3-36307ea3021d/element/00000000-0000-008b-ffff-ffff000002a4/value [39m[32m200[39m [90m1076 ms - 14[39m
[35m[HTTP][39m [90m[39m
[35m[HTTP][39m [37m-->[39m [37mGET[39m [37m/wd/hub/session/c28dfa59-f681-4f5e-85e3-36307ea3021d/source[39m
[35m[HTTP][39m [90m{}[39m
[35m[W3C (c28dfa59)][39m Driver proxy active, passing request on via HTTP proxy
[35m[WD Proxy][39m Replacing sessionId 165e6ccd-8c3d-46ea-bfae-18a50cc18c31 with c28dfa59-f681-4f5e-85e3-36307ea3021d
[35m[HTTP][39m [37m<-- GET /wd/hub/session/c28dfa59-f681-4f5e-85e3-36307ea3021d/source [39m[32m200[39m [90m435 ms - 16450[39m
[35m[HTTP][39m [90m[39m
[35m[HTTP][39m [37m-->[39m [37mGET[39m [37m/wd/hub/session/c28dfa59-f681-4f5e-85e3-36307ea3021d/screenshot[39m
[35m[HTTP][39m [90m{}[39m
[35m[HTTP][39m [37m<-- GET /wd/hub/session/c28dfa59-f681-4f5e-85e3-36307ea3021d/screenshot [39m[32m200[39m [90m552 ms - 179496[39m
[35m[HTTP][39m [90m[39m
[35m[HTTP][39m [37m-->[39m [37mGET[39m [37m/wd/hub/session/c28dfa59-f681-4f5e-85e3-36307ea3021d/source[39m
[35m[HTTP][39m [90m{}[39m
[35m[W3C (c28dfa59)][39m Driver proxy active, passing request on via HTTP proxy
[35m[WD Proxy][39m Replacing sessionId 165e6ccd-8c3d-46ea-bfae-18a50cc18c31 with c28dfa59-f681-4f5e-85e3-36307ea3021d
[35m[HTTP][39m [37m<-- GET /wd/hub/session/c28dfa59-f681-4f5e-85e3-36307ea3021d/source [39m[32m200[39m [90m419 ms - 11557[39m
[35m[HTTP][39m [90m[39m
[35m[HTTP][39m [37m-->[39m [37mGET[39m [37m/wd/hub/session/c28dfa59-f681-4f5e-85e3-36307ea3021d/screenshot[39m
[35m[HTTP][39m [90m{}[39m
[35m[HTTP][39m [37m<-- GET /wd/hub/session/c28dfa59-f681-4f5e-85e3-36307ea3021d/screenshot [39m[32m200[39m [90m473 ms - 124144[39m
[35m[HTTP][39m [90m[39m
[35m[HTTP][39m [37m-->[39m [37mPOST[39m [37m/wd/hub/session/c28dfa59-f681-4f5e-85e3-36307ea3021d/elements[39m
[35m[HTTP][39m [90m{"using":"xpath","value":"//*[@class = 'android.widget.EditText' and (@text = 'Silahkan isi disini' or . = 'Silahkan isi disini')]"}[39m
[35m[HTTP][39m [37m<-- POST /wd/hub/session/c28dfa59-f681-4f5e-85e3-36307ea3021d/elements [39m[32m200[39m [90m360 ms - 139[39m
[35m[HTTP][39m [90m[39m
[35m[HTTP][39m [37m-->[39m [37mPOST[39m [37m/wd/hub/session/c28dfa59-f681-4f5e-85e3-36307ea3021d/elements[39m
[35m[HTTP][39m [90m{"using":"xpath","value":"//*[@class = 'android.widget.EditText' and (@text = 'Silahkan isi disini' or . = 'Silahkan isi disini')]"}[39m
[35m[HTTP][39m [37m<-- POST /wd/hub/session/c28dfa59-f681-4f5e-85e3-36307ea3021d/elements [39m[32m200[39m [90m295 ms - 139[39m
[35m[HTTP][39m [90m[39m
[35m[HTTP][39m [37m-->[39m [37mGET[39m [37m/wd/hub/session/c28dfa59-f681-4f5e-85e3-36307ea3021d/window/rect[39m
[35m[HTTP][39m [90m{}[39m
[35m[HTTP][39m [37m<-- GET /wd/hub/session/c28dfa59-f681-4f5e-85e3-36307ea3021d/window/rect [39m[32m200[39m [90m25 ms - 50[39m
[35m[HTTP][39m [90m[39m
[35m[HTTP][39m [37m-->[39m [37mPOST[39m [37m/wd/hub/session/c28dfa59-f681-4f5e-85e3-36307ea3021d/elements[39m
[35m[HTTP][39m [90m{"using":"xpath","value":"//*[@class = 'android.widget.EditText' and (@text = 'Silahkan isi disini' or . = 'Silahkan isi disini')]"}[39m
[35m[HTTP][39m [37m<-- POST /wd/hub/session/c28dfa59-f681-4f5e-85e3-36307ea3021d/elements [39m[32m200[39m [90m349 ms - 139[39m
[35m[HTTP][39m [90m[39m
[35m[HTTP][39m [37m-->[39m [37mGET[39m [37m/wd/hub/session/c28dfa59-f681-4f5e-85e3-36307ea3021d/element/00000000-0000-008b-ffff-ffff000002a6/location[39m
[35m[HTTP][39m [90m{}[39m
[35m[W3C (c28dfa59)][39m Driver proxy active, passing request on via HTTP proxy
[35m[WD Proxy][39m Replacing sessionId 165e6ccd-8c3d-46ea-bfae-18a50cc18c31 with c28dfa59-f681-4f5e-85e3-36307ea3021d
[35m[HTTP][39m [37m<-- GET /wd/hub/session/c28dfa59-f681-4f5e-85e3-36307ea3021d/element/00000000-0000-008b-ffff-ffff000002a6/location [39m[32m200[39m [90m42 ms - 78[39m
[35m[HTTP][39m [90m[39m
[35m[HTTP][39m [37m-->[39m [37mPOST[39m [37m/wd/hub/session/c28dfa59-f681-4f5e-85e3-36307ea3021d/element/00000000-0000-008b-ffff-ffff000002a6/clear[39m
[35m[HTTP][39m [90m{"id":"00000000-0000-008b-ffff-ffff000002a6"}[39m
[35m[HTTP][39m [37m<-- POST /wd/hub/session/c28dfa59-f681-4f5e-85e3-36307ea3021d/element/00000000-0000-008b-ffff-ffff000002a6/clear [39m[32m200[39m [90m61 ms - 14[39m
[35m[HTTP][39m [90m[39m
[35m[HTTP][39m [37m-->[39m [37mPOST[39m [37m/wd/hub/session/c28dfa59-f681-4f5e-85e3-36307ea3021d/element/00000000-0000-008b-ffff-ffff000002a6/value[39m
[35m[HTTP][39m [90m{"id":"00000000-0000-008b-ffff-ffff000002a6","text":"Kue Lapis","value":["K","u","e"," ","L","a","p","i","s"]}[39m
[35m[HTTP][39m [37m<-- POST /wd/hub/session/c28dfa59-f681-4f5e-85e3-36307ea3021d/element/00000000-0000-008b-ffff-ffff000002a6/value [39m[32m200[39m [90m1065 ms - 14[39m
[35m[HTTP][39m [90m[39m
[35m[HTTP][39m [37m-->[39m [37mGET[39m [37m/wd/hub/session/c28dfa59-f681-4f5e-85e3-36307ea3021d/source[39m
[35m[HTTP][39m [90m{}[39m
[35m[W3C (c28dfa59)][39m Driver proxy active, passing request on via HTTP proxy
[35m[WD Proxy][39m Replacing sessionId 165e6ccd-8c3d-46ea-bfae-18a50cc18c31 with c28dfa59-f681-4f5e-85e3-36307ea3021d
[35m[HTTP][39m [37m<-- GET /wd/hub/session/c28dfa59-f681-4f5e-85e3-36307ea3021d/source [39m[32m200[39m [90m292 ms - 11547[39m
[35m[HTTP][39m [90m[39m
[35m[HTTP][39m [37m-->[39m [37mGET[39m [37m/wd/hub/session/c28dfa59-f681-4f5e-85e3-36307ea3021d/screenshot[39m
[35m[HTTP][39m [90m{}[39m
[35m[HTTP][39m [37m<-- GET /wd/hub/session/c28dfa59-f681-4f5e-85e3-36307ea3021d/screenshot [39m[32m200[39m [90m510 ms - 123758[39m
[35m[HTTP][39m [90m[39m
[35m[HTTP][39m [37m-->[39m [37mPOST[39m [37m/wd/hub/session/c28dfa59-f681-4f5e-85e3-36307ea3021d/elements[39m
[35m[HTTP][39m [90m{"using":"xpath","value":"//*[@class = 'android.widget.EditText' and (@text = 'Nasi Goreng' or . = 'Nasi Goreng')]"}[39m
[35m[HTTP][39m [37m<-- POST /wd/hub/session/c28dfa59-f681-4f5e-85e3-36307ea3021d/elements [39m[32m200[39m [90m369 ms - 139[39m
[35m[HTTP][39m [90m[39m
[35m[HTTP][39m [37m-->[39m [37mGET[39m [37m/wd/hub/session/c28dfa59-f681-4f5e-85e3-36307ea3021d/window/rect[39m
[35m[HTTP][39m [90m{}[39m
[35m[HTTP][39m [37m<-- GET /wd/hub/session/c28dfa59-f681-4f5e-85e3-36307ea3021d/window/rect [39m[32m200[39m [90m25 ms - 50[39m
[35m[HTTP][39m [90m[39m
[35m[HTTP][39m [37m-->[39m [37mPOST[39m [37m/wd/hub/session/c28dfa59-f681-4f5e-85e3-36307ea3021d/elements[39m
[35m[HTTP][39m [90m{"using":"xpath","value":"//*[@class = 'android.widget.EditText' and (@text = 'Nasi Goreng' or . = 'Nasi Goreng')]"}[39m
[35m[HTTP][39m [37m<-- POST /wd/hub/session/c28dfa59-f681-4f5e-85e3-36307ea3021d/elements [39m[32m200[39m [90m289 ms - 139[39m
[35m[HTTP][39m [90m[39m
[35m[HTTP][39m [37m-->[39m [37mGET[39m [37m/wd/hub/session/c28dfa59-f681-4f5e-85e3-36307ea3021d/element/00000000-0000-008b-ffff-ffff000002a4/location[39m
[35m[HTTP][39m [90m{}[39m
[35m[W3C (c28dfa59)][39m Driver proxy active, passing request on via HTTP proxy
[35m[WD Proxy][39m Replacing sessionId 165e6ccd-8c3d-46ea-bfae-18a50cc18c31 with c28dfa59-f681-4f5e-85e3-36307ea3021d
[35m[HTTP][39m [37m<-- GET /wd/hub/session/c28dfa59-f681-4f5e-85e3-36307ea3021d/element/00000000-0000-008b-ffff-ffff000002a4/location [39m[32m200[39m [90m49 ms - 77[39m
[35m[HTTP][39m [90m[39m
[35m[HTTP][39m [37m-->[39m [37mPOST[39m [37m/wd/hub/session/c28dfa59-f681-4f5e-85e3-36307ea3021d/element/00000000-0000-008b-ffff-ffff000002a4/clear[39m
[35m[HTTP][39m [90m{"id":"00000000-0000-008b-ffff-ffff000002a4"}[39m
[35m[HTTP][39m [37m<-- POST /wd/hub/session/c28dfa59-f681-4f5e-85e3-36307ea3021d/element/00000000-0000-008b-ffff-ffff000002a4/clear [39m[32m200[39m [90m70 ms - 14[39m
[35m[HTTP][39m [90m[39m
[35m[HTTP][39m [37m-->[39m [37mPOST[39m [37m/wd/hub/session/c28dfa59-f681-4f5e-85e3-36307ea3021d/element/00000000-0000-008b-ffff-ffff000002a4/value[39m
[35m[HTTP][39m [90m{"id":"00000000-0000-008b-ffff-ffff000002a4","text":"Bubur Ayam","value":["B","u","b","u","r"," ","A","y","a","m"]}[39m
[35m[HTTP][39m [37m<-- POST /wd/hub/session/c28dfa59-f681-4f5e-85e3-36307ea3021d/element/00000000-0000-008b-ffff-ffff000002a4/value [39m[32m200[39m [90m677 ms - 14[39m
[35m[HTTP][39m [90m[39m
[35m[HTTP][39m [37m-->[39m [37mGET[39m [37m/wd/hub/session/c28dfa59-f681-4f5e-85e3-36307ea3021d/source[39m
[35m[HTTP][39m [90m{}[39m
[35m[W3C (c28dfa59)][39m Driver proxy active, passing request on via HTTP proxy
[35m[WD Proxy][39m Replacing sessionId 165e6ccd-8c3d-46ea-bfae-18a50cc18c31 with c28dfa59-f681-4f5e-85e3-36307ea3021d
[35m[HTTP][39m [37m<-- GET /wd/hub/session/c28dfa59-f681-4f5e-85e3-36307ea3021d/source [39m[32m200[39m [90m240 ms - 11546[39m
[35m[HTTP][39m [90m[39m
[35m[HTTP][39m [37m-->[39m [37mGET[39m [37m/wd/hub/session/c28dfa59-f681-4f5e-85e3-36307ea3021d/screenshot[39m
[35m[HTTP][39m [90m{}[39m
[35m[HTTP][39m [37m<-- GET /wd/hub/session/c28dfa59-f681-4f5e-85e3-36307ea3021d/screenshot [39m[32m200[39m [90m506 ms - 121180[39m
[35m[HTTP][39m [90m[39m
[35m[HTTP][39m [37m-->[39m [37mPOST[39m [37m/wd/hub/session/c28dfa59-f681-4f5e-85e3-36307ea3021d/elements[39m
[35m[HTTP][39m [90m{"using":"xpath","value":"//*[@class = 'android.widget.EditText' and (@text = 'Kue Lapis' or . = 'Kue Lapis')]"}[39m
[35m[HTTP][39m [37m<-- POST /wd/hub/session/c28dfa59-f681-4f5e-85e3-36307ea3021d/elements [39m[32m200[39m [90m251 ms - 139[39m
[35m[HTTP][39m [90m[39m
[35m[HTTP][39m [37m-->[39m [37mGET[39m [37m/wd/hub/session/c28dfa59-f681-4f5e-85e3-36307ea3021d/window/rect[39m
[35m[HTTP][39m [90m{}[39m
[35m[HTTP][39m [37m<-- GET /wd/hub/session/c28dfa59-f681-4f5e-85e3-36307ea3021d/window/rect [39m[32m200[39m [90m22 ms - 50[39m
[35m[HTTP][39m [90m[39m
[35m[HTTP][39m [37m-->[39m [37mPOST[39m [37m/wd/hub/session/c28dfa59-f681-4f5e-85e3-36307ea3021d/elements[39m
[35m[HTTP][39m [90m{"using":"xpath","value":"//*[@class = 'android.widget.EditText' and (@text = 'Kue Lapis' or . = 'Kue Lapis')]"}[39m
[35m[HTTP][39m [37m<-- POST /wd/hub/session/c28dfa59-f681-4f5e-85e3-36307ea3021d/elements [39m[32m200[39m [90m299 ms - 139[39m
[35m[HTTP][39m [90m[39m
[35m[HTTP][39m [37m-->[39m [37mGET[39m [37m/wd/hub/session/c28dfa59-f681-4f5e-85e3-36307ea3021d/element/00000000-0000-008b-ffff-ffff000002a6/location[39m
[35m[HTTP][39m [90m{}[39m
[35m[W3C (c28dfa59)][39m Driver proxy active, passing request on via HTTP proxy
[35m[WD Proxy][39m Replacing sessionId 165e6ccd-8c3d-46ea-bfae-18a50cc18c31 with c28dfa59-f681-4f5e-85e3-36307ea3021d
[35m[HTTP][39m [37m<-- GET /wd/hub/session/c28dfa59-f681-4f5e-85e3-36307ea3021d/element/00000000-0000-008b-ffff-ffff000002a6/location [39m[32m200[39m [90m41 ms - 78[39m
[35m[HTTP][39m [90m[39m
[35m[HTTP][39m [37m-->[39m [37mPOST[39m [37m/wd/hub/session/c28dfa59-f681-4f5e-85e3-36307ea3021d/element/00000000-0000-008b-ffff-ffff000002a6/clear[39m
[35m[HTTP][39m [90m{"id":"00000000-0000-008b-ffff-ffff000002a6"}[39m
[35m[HTTP][39m [37m<-- POST /wd/hub/session/c28dfa59-f681-4f5e-85e3-36307ea3021d/element/00000000-0000-008b-ffff-ffff000002a6/clear [39m[32m200[39m [90m68 ms - 14[39m
[35m[HTTP][39m [90m[39m
[35m[HTTP][39m [37m-->[39m [37mPOST[39m [37m/wd/hub/session/c28dfa59-f681-4f5e-85e3-36307ea3021d/element/00000000-0000-008b-ffff-ffff000002a6/value[39m
[35m[HTTP][39m [90m{"id":"00000000-0000-008b-ffff-ffff000002a6","text":"Gorengan","value":["G","o","r","e","n","g","a","n"]}[39m
[35m[HTTP][39m [37m<-- POST /wd/hub/session/c28dfa59-f681-4f5e-85e3-36307ea3021d/element/00000000-0000-008b-ffff-ffff000002a6/value [39m[32m200[39m [90m1172 ms - 14[39m
[35m[HTTP][39m [90m[39m
[35m[HTTP][39m [37m-->[39m [37mGET[39m [37m/wd/hub/session/c28dfa59-f681-4f5e-85e3-36307ea3021d/source[39m
[35m[HTTP][39m [90m{}[39m
[35m[W3C (c28dfa59)][39m Driver proxy active, passing request on via HTTP proxy
[35m[WD Proxy][39m Replacing sessionId 165e6ccd-8c3d-46ea-bfae-18a50cc18c31 with c28dfa59-f681-4f5e-85e3-36307ea3021d
[35m[HTTP][39m [37m<-- GET /wd/hub/session/c28dfa59-f681-4f5e-85e3-36307ea3021d/source [39m[32m200[39m [90m164 ms - 11545[39m
[35m[HTTP][39m [90m[39m
[35m[HTTP][39m [37m-->[39m [37mGET[39m [37m/wd/hub/session/c28dfa59-f681-4f5e-85e3-36307ea3021d/screenshot[39m
[35m[HTTP][39m [90m{}[39m
[35m[HTTP][39m [37m<-- GET /wd/hub/session/c28dfa59-f681-4f5e-85e3-36307ea3021d/screenshot [39m[32m200[39m [90m463 ms - 122170[39m
[35m[HTTP][39m [90m[39m
[35m[HTTP][39m [37m-->[39m [37mPOST[39m [37m/wd/hub/session/c28dfa59-f681-4f5e-85e3-36307ea3021d/elements[39m
[35m[HTTP][39m [90m{"using":"xpath","value":"//*[@class = 'android.widget.TextView' and (@text = 'SELESAI' or . = 'SELESAI')]"}[39m
[35m[HTTP][39m [37m<-- POST /wd/hub/session/c28dfa59-f681-4f5e-85e3-36307ea3021d/elements [39m[32m200[39m [90m288 ms - 139[39m
[35m[HTTP][39m [90m[39m
[35m[HTTP][39m [37m-->[39m [37mGET[39m [37m/wd/hub/session/c28dfa59-f681-4f5e-85e3-36307ea3021d/window/rect[39m
[35m[HTTP][39m [90m{}[39m
[35m[HTTP][39m [37m<-- GET /wd/hub/session/c28dfa59-f681-4f5e-85e3-36307ea3021d/window/rect [39m[32m200[39m [90m14 ms - 50[39m
[35m[HTTP][39m [90m[39m
[35m[HTTP][39m [37m-->[39m [37mPOST[39m [37m/wd/hub/session/c28dfa59-f681-4f5e-85e3-36307ea3021d/elements[39m
[35m[HTTP][39m [90m{"using":"xpath","value":"//*[@class = 'android.widget.TextView' and (@text = 'SELESAI' or . = 'SELESAI')]"}[39m
[35m[HTTP][39m [37m<-- POST /wd/hub/session/c28dfa59-f681-4f5e-85e3-36307ea3021d/elements [39m[32m200[39m [90m321 ms - 139[39m
[35m[HTTP][39m [90m[39m
[35m[HTTP][39m [37m-->[39m [37mGET[39m [37m/wd/hub/session/c28dfa59-f681-4f5e-85e3-36307ea3021d/element/00000000-0000-008b-ffff-ffff0000026e/location[39m
[35m[HTTP][39m [90m{}[39m
[35m[W3C (c28dfa59)][39m Driver proxy active, passing request on via HTTP proxy
[35m[WD Proxy][39m Replacing sessionId 165e6ccd-8c3d-46ea-bfae-18a50cc18c31 with c28dfa59-f681-4f5e-85e3-36307ea3021d
[35m[HTTP][39m [37m<-- GET /wd/hub/session/c28dfa59-f681-4f5e-85e3-36307ea3021d/element/00000000-0000-008b-ffff-ffff0000026e/location [39m[32m200[39m [90m39 ms - 79[39m
[35m[HTTP][39m [90m[39m
[35m[HTTP][39m [37m-->[39m [37mPOST[39m [37m/wd/hub/session/c28dfa59-f681-4f5e-85e3-36307ea3021d/element/00000000-0000-008b-ffff-ffff0000026e/click[39m
[35m[HTTP][39m [90m{"id":"00000000-0000-008b-ffff-ffff0000026e"}[39m
[35m[HTTP][39m [37m<-- POST /wd/hub/session/c28dfa59-f681-4f5e-85e3-36307ea3021d/element/00000000-0000-008b-ffff-ffff0000026e/click [39m[32m200[39m [90m112 ms - 14[39m
[35m[HTTP][39m [90m[39m
[35m[HTTP][39m [37m-->[39m [37mGET[39m [37m/wd/hub/session/c28dfa59-f681-4f5e-85e3-36307ea3021d/source[39m
[35m[HTTP][39m [90m{}[39m
[35m[W3C (c28dfa59)][39m Driver proxy active, passing request on via HTTP proxy
[35m[WD Proxy][39m Replacing sessionId 165e6ccd-8c3d-46ea-bfae-18a50cc18c31 with c28dfa59-f681-4f5e-85e3-36307ea3021d
[35m[HTTP][39m [37m<-- GET /wd/hub/session/c28dfa59-f681-4f5e-85e3-36307ea3021d/source [39m[32m200[39m [90m154 ms - 11048[39m
[35m[HTTP][39m [90m[39m
[35m[HTTP][39m [37m-->[39m [37mGET[39m [37m/wd/hub/session/c28dfa59-f681-4f5e-85e3-36307ea3021d/screenshot[39m
[35m[HTTP][39m [90m{}[39m
[35m[HTTP][39m [37m<-- GET /wd/hub/session/c28dfa59-f681-4f5e-85e3-36307ea3021d/screenshot [39m[32m200[39m [90m505 ms - 149962[39m
[35m[HTTP][39m [90m[39m
[35m[HTTP][39m [37m-->[39m [37mPOST[39m [37m/wd/hub/session/c28dfa59-f681-4f5e-85e3-36307ea3021d/elements[39m
[35m[HTTP][39m [90m{"using":"xpath","value":"//*[@class = 'android.widget.TextView' and (@text = 'Ya, Benar' or . = 'Ya, Benar')]"}[39m
[35m[HTTP][39m [37m<-- POST /wd/hub/session/c28dfa59-f681-4f5e-85e3-36307ea3021d/elements [39m[32m200[39m [90m310 ms - 139[39m
[35m[HTTP][39m [90m[39m
[35m[HTTP][39m [37m-->[39m [37mGET[39m [37m/wd/hub/session/c28dfa59-f681-4f5e-85e3-36307ea3021d/window/rect[39m
[35m[HTTP][39m [90m{}[39m
[35m[HTTP][39m [37m<-- GET /wd/hub/session/c28dfa59-f681-4f5e-85e3-36307ea3021d/window/rect [39m[32m200[39m [90m12 ms - 50[39m
[35m[HTTP][39m [90m[39m
[35m[HTTP][39m [37m-->[39m [37mPOST[39m [37m/wd/hub/session/c28dfa59-f681-4f5e-85e3-36307ea3021d/elements[39m
[35m[HTTP][39m [90m{"using":"xpath","value":"//*[@class = 'android.widget.TextView' and (@text = 'Ya, Benar' or . = 'Ya, Benar')]"}[39m
[35m[HTTP][39m [37m<-- POST /wd/hub/session/c28dfa59-f681-4f5e-85e3-36307ea3021d/elements [39m[32m200[39m [90m195 ms - 139[39m
[35m[HTTP][39m [90m[39m
[35m[HTTP][39m [37m-->[39m [37mGET[39m [37m/wd/hub/session/c28dfa59-f681-4f5e-85e3-36307ea3021d/element/00000000-0000-0090-ffff-ffff000002dc/location[39m
[35m[HTTP][39m [90m{}[39m
[35m[W3C (c28dfa59)][39m Driver proxy active, passing request on via HTTP proxy
[35m[WD Proxy][39m Replacing sessionId 165e6ccd-8c3d-46ea-bfae-18a50cc18c31 with c28dfa59-f681-4f5e-85e3-36307ea3021d
[35m[HTTP][39m [37m<-- GET /wd/hub/session/c28dfa59-f681-4f5e-85e3-36307ea3021d/element/00000000-0000-0090-ffff-ffff000002dc/location [39m[32m200[39m [90m39 ms - 79[39m
[35m[HTTP][39m [90m[39m
[35m[HTTP][39m [37m-->[39m [37mPOST[39m [37m/wd/hub/session/c28dfa59-f681-4f5e-85e3-36307ea3021d/element/00000000-0000-0090-ffff-ffff000002dc/click[39m
[35m[HTTP][39m [90m{"id":"00000000-0000-0090-ffff-ffff000002dc"}[39m
[35m[HTTP][39m [37m<-- POST /wd/hub/session/c28dfa59-f681-4f5e-85e3-36307ea3021d/element/00000000-0000-0090-ffff-ffff000002dc/click [39m[32m200[39m [90m98 ms - 14[39m
[35m[HTTP][39m [90m[39m
[35m[HTTP][39m [37m-->[39m [37mGET[39m [37m/wd/hub/session/c28dfa59-f681-4f5e-85e3-36307ea3021d/source[39m
[35m[HTTP][39m [90m{}[39m
[35m[W3C (c28dfa59)][39m Driver proxy active, passing request on via HTTP proxy
[35m[WD Proxy][39m Replacing sessionId 165e6ccd-8c3d-46ea-bfae-18a50cc18c31 with c28dfa59-f681-4f5e-85e3-36307ea3021d
[35m[HTTP][39m [37m<-- GET /wd/hub/session/c28dfa59-f681-4f5e-85e3-36307ea3021d/source [39m[32m200[39m [90m132 ms - 4466[39m
[35m[HTTP][39m [90m[39m
[35m[HTTP][39m [37m-->[39m [37mGET[39m [37m/wd/hub/session/c28dfa59-f681-4f5e-85e3-36307ea3021d/screenshot[39m
[35m[HTTP][39m [90m{}[39m
[35m[HTTP][39m [37m<-- GET /wd/hub/session/c28dfa59-f681-4f5e-85e3-36307ea3021d/screenshot [39m[32m200[39m [90m489 ms - 113248[39m
[35m[HTTP][39m [90m[39m
[35m[HTTP][39m [37m-->[39m [37mGET[39m [37m/wd/hub/session/c28dfa59-f681-4f5e-85e3-36307ea3021d/source[39m
[35m[HTTP][39m [90m{}[39m
[35m[W3C (c28dfa59)][39m Driver proxy active, passing request on via HTTP proxy
[35m[WD Proxy][39m Replacing sessionId 165e6ccd-8c3d-46ea-bfae-18a50cc18c31 with c28dfa59-f681-4f5e-85e3-36307ea3021d
[35m[HTTP][39m [37m<-- GET /wd/hub/session/c28dfa59-f681-4f5e-85e3-36307ea3021d/source [39m[32m200[39m [90m749 ms - 31042[39m
[35m[HTTP][39m [90m[39m
[35m[HTTP][39m [37m-->[39m [37mGET[39m [37m/wd/hub/session/c28dfa59-f681-4f5e-85e3-36307ea3021d/screenshot[39m
[35m[HTTP][39m [90m{}[39m
[35m[HTTP][39m [37m<-- GET /wd/hub/session/c28dfa59-f681-4f5e-85e3-36307ea3021d/screenshot [39m[32m200[39m [90m512 ms - 212920[39m
[35m[HTTP][39m [90m[39m
[35m[HTTP][39m [37m-->[39m [37mGET[39m [37m/wd/hub/session/c28dfa59-f681-4f5e-85e3-36307ea3021d/screenshot[39m
[35m[HTTP][39m [90m{}[39m
[35m[HTTP][39m [37m<-- GET /wd/hub/session/c28dfa59-f681-4f5e-85e3-36307ea3021d/screenshot [39m[32m200[39m [90m534 ms - 212920[39m
[35m[HTTP][39m [90m[39m
[35m[HTTP][39m [37m-->[39m [37mGET[39m [37m/wd/hub/session/c28dfa59-f681-4f5e-85e3-36307ea3021d/source[39m
[35m[HTTP][39m [90m{}[39m
[35m[W3C (c28dfa59)][39m Driver proxy active, passing request on via HTTP proxy
[35m[WD Proxy][39m Replacing sessionId 165e6ccd-8c3d-46ea-bfae-18a50cc18c31 with c28dfa59-f681-4f5e-85e3-36307ea3021d
[35m[HTTP][39m [37m<-- GET /wd/hub/session/c28dfa59-f681-4f5e-85e3-36307ea3021d/source [39m[32m200[39m [90m696 ms - 31042[39m
[35m[HTTP][39m [90m[39m
[35m[HTTP][39m [37m-->[39m [37mGET[39m [37m/wd/hub/session/c28dfa59-f681-4f5e-85e3-36307ea3021d/screenshot[39m
[35m[HTTP][39m [90m{}[39m
[35m[HTTP][39m [37m<-- GET /wd/hub/session/c28dfa59-f681-4f5e-85e3-36307ea3021d/screenshot [39m[32m200[39m [90m543 ms - 212920[39m
[35m[HTTP][39m [90m[39m
[35m[HTTP][39m [37m-->[39m [37mDELETE[39m [37m/wd/hub/session/c28dfa59-f681-4f5e-85e3-36307ea3021d[39m
[35m[HTTP][39m [90m{}[39m
[35m[Appium][39m Removing session c28dfa59-f681-4f5e-85e3-36307ea3021d from our master session list
[35m[UiAutomator2][39m Restoring hidden api policy to the device default configuration
[35m[HTTP][39m [37m<-- DELETE /wd/hub/session/c28dfa59-f681-4f5e-85e3-36307ea3021d [39m[32m200[39m [90m603 ms - 14[39m
[35m[HTTP][39m [90m[39m
